2026-05-15 23:10:28,798 - Game_20260515231028797550 - INFO - Game started: Negamax Bot (depth=3) (RED) vs Random Bot (BLACK)
2026-05-15 23:10:28,800 - Game_20260515231028797550 - INFO - Move 1: Negamax Bot (depth=3) (RED) -> h7e7
2026-05-15 23:10:28,804 - Game_20260515231028797550 - INFO - Move 2: Random Bot (BLACK) -> h2f2
2026-05-15 23:10:32,479 - Game_20260515231028797550 - INFO - Move 3: Negamax Bot (depth=3) (RED) -> e7e3
2026-05-15 23:10:32,483 - Game_20260515231028797550 - INFO - Move 4: Random Bot (BLACK) -> g0i2
2026-05-15 23:10:36,424 - Game_20260515231028797550 - INFO - Move 5: Negamax Bot (depth=3) (RED) -> e3i3
2026-05-15 23:10:36,427 - Game_20260515231028797550 - INFO - Move 6: Random Bot (BLACK) -> b2b9
2026-05-15 23:10:37,180 - Game_20260515231028797550 - INFO - Move 7: Negamax Bot (depth=3) (RED) -> i3i0
2026-05-15 23:10:37,182 - Game_20260515231028797550 - INFO - Move 8: Random Bot (BLACK) -> i2g0
2026-05-15 23:10:37,899 - Game_20260515231028797550 - INFO - Move 9: Negamax Bot (depth=3) (RED) -> i0g0
2026-05-15 23:10:37,901 - Game_20260515231028797550 - INFO - Move 10: Random Bot (BLACK) -> e0e1
2026-05-15 23:10:38,613 - Game_20260515231028797550 - INFO - Move 11: Negamax Bot (depth=3) (RED) -> a9b9
2026-05-15 23:10:38,615 - Game_20260515231028797550 - INFO - Move 12: Random Bot (BLACK) -> f2g2
2026-05-15 23:10:40,876 - Game_20260515231028797550 - INFO - Move 13: Negamax Bot (depth=3) (RED) -> g0d0
2026-05-15 23:10:40,878 - Game_20260515231028797550 - INFO - Move 14: Random Bot (BLACK) -> g2g1
2026-05-15 23:10:41,929 - Game_20260515231028797550 - INFO - Move 15: Negamax Bot (depth=3) (RED) -> b7e7
2026-05-15 23:10:41,931 - Game_20260515231028797550 - INFO - Move 16: Random Bot (BLACK) -> c0e2
2026-05-15 23:10:42,586 - Game_20260515231028797550 - INFO - Move 17: Negamax Bot (depth=3) (RED) -> d0a0
2026-05-15 23:10:42,588 - Game_20260515231028797550 - INFO - Move 18: Random Bot (BLACK) -> b0c2
2026-05-15 23:10:43,612 - Game_20260515231028797550 - INFO - Move 19: Negamax Bot (depth=3) (RED) -> a0h0
2026-05-15 23:10:43,614 - Game_20260515231028797550 - INFO - Move 20: Random Bot (BLACK) -> g1h1
2026-05-15 23:10:47,208 - Game_20260515231028797550 - INFO - Move 21: Negamax Bot (depth=3) (RED) -> b9b5
2026-05-15 23:10:47,211 - Game_20260515231028797550 - INFO - Move 22: Random Bot (BLACK) -> c2a1
2026-05-15 23:10:50,187 - Game_20260515231028797550 - INFO - Move 23: Negamax Bot (depth=3) (RED) -> b5b2
2026-05-15 23:10:50,189 - Game_20260515231028797550 - INFO - Move 24: Random Bot (BLACK) -> h1h8
2026-05-15 23:10:51,509 - Game_20260515231028797550 - INFO - Move 25: Negamax Bot (depth=3) (RED) -> b2b1
2026-05-15 23:10:51,510 - Game_20260515231028797550 - INFO - Game ended: Black wins. Status: checkmate
2026-05-15 23:10:51,511 - Game_20260515231028797550 - INFO - PGN saved to logs\20260515231028797550.pgn
