2026-05-20 18:13:32,115 - Game_20260520181332114531 - INFO - Game started: Negamax Bot (depth=3)_Red (RED) vs Minimax Bot (depth=3)_Black (BLACK)
2026-05-20 18:13:32,120 - Game_20260520181332114531 - INFO - Move 1: Negamax Bot (depth=3)_Red (RED) -> h7e7
2026-05-20 18:13:32,127 - Game_20260520181332114531 - INFO - Move 2: Minimax Bot (depth=3)_Black (BLACK) -> b0c2
2026-05-20 18:13:38,630 - Game_20260520181332114531 - INFO - Move 3: Negamax Bot (depth=3)_Red (RED) -> e7g7
2026-05-20 18:13:45,489 - Game_20260520181332114531 - INFO - Move 4: Minimax Bot (depth=3)_Black (BLACK) -> b2b6
2026-05-20 18:13:49,245 - Game_20260520181332114531 - INFO - Move 5: Negamax Bot (depth=3)_Red (RED) -> g7g3
2026-05-20 18:14:02,658 - Game_20260520181332114531 - INFO - Move 6: Minimax Bot (depth=3)_Black (BLACK) -> h2h7
2026-05-20 18:14:11,158 - Game_20260520181332114531 - INFO - Move 7: Negamax Bot (depth=3)_Red (RED) -> i9i7
2026-05-20 18:14:18,677 - Game_20260520181332114531 - INFO - Move 8: Minimax Bot (depth=3)_Black (BLACK) -> h7h6
2026-05-20 18:14:24,824 - Game_20260520181332114531 - INFO - Move 9: Negamax Bot (depth=3)_Red (RED) -> b9c7
2026-05-20 18:14:31,662 - Game_20260520181332114531 - INFO - Move 10: Minimax Bot (depth=3)_Black (BLACK) -> h0g2
2026-05-20 18:14:38,657 - Game_20260520181332114531 - INFO - Move 11: Negamax Bot (depth=3)_Red (RED) -> h9g7
2026-05-20 18:14:42,672 - Game_20260520181332114531 - INFO - Move 12: Minimax Bot (depth=3)_Black (BLACK) -> c3c4
2026-05-20 18:14:45,583 - Game_20260520181332114531 - INFO - Move 13: Negamax Bot (depth=3)_Red (RED) -> i7h7
2026-05-20 18:14:50,514 - Game_20260520181332114531 - INFO - Move 14: Minimax Bot (depth=3)_Black (BLACK) -> i0h0
2026-05-20 18:14:55,638 - Game_20260520181332114531 - INFO - Move 15: Negamax Bot (depth=3)_Red (RED) -> g3g0
2026-05-20 18:14:57,111 - Game_20260520181332114531 - INFO - Move 16: Minimax Bot (depth=3)_Black (BLACK) -> f0e1
2026-05-20 18:15:07,777 - Game_20260520181332114531 - INFO - Move 17: Negamax Bot (depth=3)_Red (RED) -> a6a5
2026-05-20 18:15:21,187 - Game_20260520181332114531 - INFO - Move 18: Minimax Bot (depth=3)_Black (BLACK) -> b6b1
2026-05-20 18:15:35,913 - Game_20260520181332114531 - INFO - Move 19: Negamax Bot (depth=3)_Red (RED) -> a9a6
2026-05-20 18:15:48,622 - Game_20260520181332114531 - INFO - Move 20: Minimax Bot (depth=3)_Black (BLACK) -> c2b4
2026-05-20 18:15:51,118 - Game_20260520181332114531 - INFO - Move 21: Negamax Bot (depth=3)_Red (RED) -> a6a7
2026-05-20 18:15:57,259 - Game_20260520181332114531 - INFO - Move 22: Minimax Bot (depth=3)_Black (BLACK) -> b4c6
2026-05-20 18:16:02,017 - Game_20260520181332114531 - INFO - Move 23: Negamax Bot (depth=3)_Red (RED) -> a7a6
2026-05-20 18:16:15,425 - Game_20260520181332114531 - INFO - Move 24: Minimax Bot (depth=3)_Black (BLACK) -> c6b4
2026-05-20 18:16:18,023 - Game_20260520181332114531 - INFO - Move 25: Negamax Bot (depth=3)_Red (RED) -> a6a7
2026-05-20 18:16:24,555 - Game_20260520181332114531 - INFO - Move 26: Minimax Bot (depth=3)_Black (BLACK) -> b4c6
2026-05-20 18:16:24,564 - Game_20260520181332114531 - INFO - Move 27: Negamax Bot (depth=3)_Red (RED) -> a7a6
2026-05-20 18:16:38,103 - Game_20260520181332114531 - INFO - Move 28: Minimax Bot (depth=3)_Black (BLACK) -> c6b4
2026-05-20 18:16:38,114 - Game_20260520181332114531 - INFO - Move 29: Negamax Bot (depth=3)_Red (RED) -> a6a7
2026-05-20 18:16:44,274 - Game_20260520181332114531 - INFO - Move 30: Minimax Bot (depth=3)_Black (BLACK) -> b1b7
2026-05-20 18:16:46,603 - Game_20260520181332114531 - INFO - Move 31: Negamax Bot (depth=3)_Red (RED) -> a7b7
2026-05-20 18:16:53,936 - Game_20260520181332114531 - INFO - Move 32: Minimax Bot (depth=3)_Black (BLACK) -> b4a6
2026-05-20 18:16:56,381 - Game_20260520181332114531 - INFO - Move 33: Negamax Bot (depth=3)_Red (RED) -> b7b6
2026-05-20 18:17:03,161 - Game_20260520181332114531 - INFO - Move 34: Minimax Bot (depth=3)_Black (BLACK) -> c4c5
2026-05-20 18:17:07,300 - Game_20260520181332114531 - INFO - Move 35: Negamax Bot (depth=3)_Red (RED) -> c7a6
2026-05-20 18:17:14,513 - Game_20260520181332114531 - INFO - Move 36: Minimax Bot (depth=3)_Black (BLACK) -> c5c6
2026-05-20 18:17:17,043 - Game_20260520181332114531 - INFO - Move 37: Negamax Bot (depth=3)_Red (RED) -> b6c6
2026-05-20 18:17:23,857 - Game_20260520181332114531 - INFO - Move 38: Minimax Bot (depth=3)_Black (BLACK) -> a0b0
2026-05-20 18:17:35,572 - Game_20260520181332114531 - INFO - Move 39: Negamax Bot (depth=3)_Red (RED) -> a6c7
2026-05-20 18:17:44,789 - Game_20260520181332114531 - INFO - Move 40: Minimax Bot (depth=3)_Black (BLACK) -> b0b7
2026-05-20 18:17:47,826 - Game_20260520181332114531 - INFO - Move 41: Negamax Bot (depth=3)_Red (RED) -> c6c0
2026-05-20 18:17:53,879 - Game_20260520181332114531 - INFO - Move 42: Minimax Bot (depth=3)_Black (BLACK) -> h0g0
2026-05-20 18:17:55,989 - Game_20260520181332114531 - INFO - Move 43: Negamax Bot (depth=3)_Red (RED) -> h7h6
2026-05-20 18:17:59,402 - Game_20260520181332114531 - INFO - Move 44: Minimax Bot (depth=3)_Black (BLACK) -> g2f4
2026-05-20 18:18:07,310 - Game_20260520181332114531 - INFO - Move 45: Negamax Bot (depth=3)_Red (RED) -> a5a4
2026-05-20 18:18:11,475 - Game_20260520181332114531 - INFO - Move 46: Minimax Bot (depth=3)_Black (BLACK) -> a3a4
2026-05-20 18:18:17,089 - Game_20260520181332114531 - INFO - Move 47: Negamax Bot (depth=3)_Red (RED) -> h6h4
2026-05-20 18:18:21,239 - Game_20260520181332114531 - INFO - Move 48: Minimax Bot (depth=3)_Black (BLACK) -> f4g6
2026-05-20 18:18:25,541 - Game_20260520181332114531 - INFO - Move 49: Negamax Bot (depth=3)_Red (RED) -> h4a4
2026-05-20 18:18:30,287 - Game_20260520181332114531 - INFO - Move 50: Minimax Bot (depth=3)_Black (BLACK) -> g0g2
2026-05-20 18:18:38,009 - Game_20260520181332114531 - INFO - Move 51: Negamax Bot (depth=3)_Red (RED) -> a4d4
2026-05-20 18:18:43,496 - Game_20260520181332114531 - INFO - Move 52: Minimax Bot (depth=3)_Black (BLACK) -> g2h2
2026-05-20 18:18:51,964 - Game_20260520181332114531 - INFO - Move 53: Negamax Bot (depth=3)_Red (RED) -> d4d1
2026-05-20 18:18:59,886 - Game_20260520181332114531 - INFO - Move 54: Minimax Bot (depth=3)_Black (BLACK) -> e3e4
2026-05-20 18:19:08,572 - Game_20260520181332114531 - INFO - Move 55: Negamax Bot (depth=3)_Red (RED) -> d9e8
2026-05-20 18:19:15,850 - Game_20260520181332114531 - INFO - Move 56: Minimax Bot (depth=3)_Black (BLACK) -> i3i4
2026-05-20 18:19:25,265 - Game_20260520181332114531 - INFO - Move 57: Negamax Bot (depth=3)_Red (RED) -> d1d4
2026-05-20 18:19:29,965 - Game_20260520181332114531 - INFO - Move 58: Minimax Bot (depth=3)_Black (BLACK) -> h2h4
2026-05-20 18:19:43,283 - Game_20260520181332114531 - INFO - Move 59: Negamax Bot (depth=3)_Red (RED) -> c0c3
2026-05-20 18:19:48,117 - Game_20260520181332114531 - INFO - Move 60: Minimax Bot (depth=3)_Black (BLACK) -> h4f4
2026-05-20 18:19:58,595 - Game_20260520181332114531 - INFO - Move 61: Negamax Bot (depth=3)_Red (RED) -> g9e7
2026-05-20 18:20:03,765 - Game_20260520181332114531 - INFO - Move 62: Minimax Bot (depth=3)_Black (BLACK) -> i4i5
2026-05-20 18:20:10,752 - Game_20260520181332114531 - INFO - Move 63: Negamax Bot (depth=3)_Red (RED) -> i6i5
2026-05-20 18:20:15,823 - Game_20260520181332114531 - INFO - Move 64: Minimax Bot (depth=3)_Black (BLACK) -> g6i5
2026-05-20 18:20:26,394 - Game_20260520181332114531 - INFO - Move 65: Negamax Bot (depth=3)_Red (RED) -> e6e5
2026-05-20 18:20:30,169 - Game_20260520181332114531 - INFO - Move 66: Minimax Bot (depth=3)_Black (BLACK) -> f4g4
2026-05-20 18:20:33,304 - Game_20260520181332114531 - INFO - Move 67: Negamax Bot (depth=3)_Red (RED) -> g7h5
2026-05-20 18:20:36,960 - Game_20260520181332114531 - INFO - Move 68: Minimax Bot (depth=3)_Black (BLACK) -> g4h4
2026-05-20 18:20:39,525 - Game_20260520181332114531 - INFO - Move 69: Negamax Bot (depth=3)_Red (RED) -> h5f6
2026-05-20 18:20:44,074 - Game_20260520181332114531 - INFO - Move 70: Minimax Bot (depth=3)_Black (BLACK) -> h4f4
2026-05-20 18:20:49,347 - Game_20260520181332114531 - INFO - Move 71: Negamax Bot (depth=3)_Red (RED) -> c3c6
2026-05-20 18:20:52,337 - Game_20260520181332114531 - INFO - Move 72: Minimax Bot (depth=3)_Black (BLACK) -> i5g6
2026-05-20 18:20:56,349 - Game_20260520181332114531 - INFO - Move 73: Negamax Bot (depth=3)_Red (RED) -> e5e4
2026-05-20 18:20:59,383 - Game_20260520181332114531 - INFO - Move 74: Minimax Bot (depth=3)_Black (BLACK) -> f4f3
2026-05-20 18:21:05,954 - Game_20260520181332114531 - INFO - Move 75: Negamax Bot (depth=3)_Red (RED) -> d4d1
2026-05-20 18:21:12,983 - Game_20260520181332114531 - INFO - Move 76: Minimax Bot (depth=3)_Black (BLACK) -> e0f0
2026-05-20 18:21:20,552 - Game_20260520181332114531 - INFO - Move 77: Negamax Bot (depth=3)_Red (RED) -> f6d5
2026-05-20 18:21:26,087 - Game_20260520181332114531 - INFO - Move 78: Minimax Bot (depth=3)_Black (BLACK) -> g6e5
2026-05-20 18:21:31,143 - Game_20260520181332114531 - INFO - Move 79: Negamax Bot (depth=3)_Red (RED) -> c6e6
2026-05-20 18:21:33,970 - Game_20260520181332114531 - INFO - Move 80: Minimax Bot (depth=3)_Black (BLACK) -> f3f5
2026-05-20 18:21:38,554 - Game_20260520181332114531 - INFO - Move 81: Negamax Bot (depth=3)_Red (RED) -> e6b6
2026-05-20 18:21:39,781 - Game_20260520181332114531 - INFO - Move 82: Minimax Bot (depth=3)_Black (BLACK) -> e5d7
2026-05-20 18:21:39,988 - Game_20260520181332114531 - INFO - Move 83: Negamax Bot (depth=3)_Red (RED) -> e8d7
2026-05-20 18:21:41,600 - Game_20260520181332114531 - INFO - Move 84: Minimax Bot (depth=3)_Black (BLACK) -> f5f9
2026-05-20 18:21:41,856 - Game_20260520181332114531 - INFO - Move 85: Negamax Bot (depth=3)_Red (RED) -> e9e8
2026-05-20 18:21:42,708 - Game_20260520181332114531 - INFO - Move 86: Minimax Bot (depth=3)_Black (BLACK) -> f9f8
2026-05-20 18:21:42,911 - Game_20260520181332114531 - INFO - Move 87: Negamax Bot (depth=3)_Red (RED) -> e8e9
2026-05-20 18:21:44,591 - Game_20260520181332114531 - INFO - Move 88: Minimax Bot (depth=3)_Black (BLACK) -> f8f9
2026-05-20 18:21:44,598 - Game_20260520181332114531 - INFO - Move 89: Negamax Bot (depth=3)_Red (RED) -> e9e8
2026-05-20 18:21:45,423 - Game_20260520181332114531 - INFO - Move 90: Minimax Bot (depth=3)_Black (BLACK) -> f9f8
2026-05-20 18:21:45,443 - Game_20260520181332114531 - INFO - Move 91: Negamax Bot (depth=3)_Red (RED) -> e8e9
2026-05-20 18:21:47,147 - Game_20260520181332114531 - INFO - Move 92: Minimax Bot (depth=3)_Black (BLACK) -> f8f9
2026-05-20 18:21:47,152 - Game_20260520181332114531 - INFO - Game ended. Status: draw
2026-05-20 18:21:47,154 - Game_20260520181332114531 - INFO - PGN saved to logs\20260520181332114531.pgn
