2026-05-21 14:47:52 - INFO - Game started: Greedy Bot_Red (RED) vs Minimax Bot (depth=2)_Black (BLACK)
2026-05-21 14:47:52 - INFO - Move 1: Greedy Bot_Red (RED) -> b7b0
2026-05-21 14:47:53 - INFO - Move 2: Minimax Bot (depth=2)_Black (BLACK) -> b2d2
2026-05-21 14:47:53 - INFO - Move 3: Greedy Bot_Red (RED) -> h7h0
2026-05-21 14:47:54 - INFO - Move 4: Minimax Bot (depth=2)_Black (BLACK) -> h2f2
2026-05-21 14:47:54 - INFO - Move 5: Greedy Bot_Red (RED) -> b0d0
2026-05-21 14:47:54 - INFO - Move 6: Minimax Bot (depth=2)_Black (BLACK) -> c0a2
2026-05-21 14:47:54 - INFO - Move 7: Greedy Bot_Red (RED) -> d0f0
2026-05-21 14:47:55 - INFO - Move 8: Minimax Bot (depth=2)_Black (BLACK) -> a0d0
2026-05-21 14:47:55 - INFO - Move 9: Greedy Bot_Red (RED) -> f0d0
2026-05-21 14:47:55 - INFO - Move 10: Minimax Bot (depth=2)_Black (BLACK) -> f2f0
2026-05-21 14:47:55 - INFO - Move 11: Greedy Bot_Red (RED) -> d0f0
2026-05-21 14:47:55 - INFO - Move 12: Minimax Bot (depth=2)_Black (BLACK) -> d2f2
2026-05-21 14:47:55 - INFO - Move 13: Greedy Bot_Red (RED) -> f0f1
2026-05-21 14:47:55 - INFO - Move 14: Minimax Bot (depth=2)_Black (BLACK) -> e0e1
2026-05-21 14:47:55 - INFO - Move 15: Greedy Bot_Red (RED) -> h0h1
2026-05-21 14:47:55 - INFO - Move 16: Minimax Bot (depth=2)_Black (BLACK) -> e1e2
2026-05-21 14:47:55 - INFO - Move 17: Greedy Bot_Red (RED) -> f1e1
2026-05-21 14:47:56 - INFO - Move 18: Minimax Bot (depth=2)_Black (BLACK) -> f2f0
2026-05-21 14:47:56 - INFO - Move 19: Greedy Bot_Red (RED) -> e1e3
2026-05-21 14:47:56 - INFO - Move 20: Minimax Bot (depth=2)_Black (BLACK) -> f0e0
2026-05-21 14:47:56 - INFO - Move 21: Greedy Bot_Red (RED) -> e3e0
2026-05-21 14:47:56 - INFO - Move 22: Minimax Bot (depth=2)_Black (BLACK) -> e2e1
2026-05-21 14:47:56 - INFO - Move 23: Greedy Bot_Red (RED) -> e0i0
2026-05-21 14:47:56 - INFO - Move 24: Minimax Bot (depth=2)_Black (BLACK) -> e1f1
2026-05-21 14:47:56 - INFO - Move 25: Greedy Bot_Red (RED) -> i0h0
2026-05-21 14:47:56 - INFO - Move 26: Minimax Bot (depth=2)_Black (BLACK) -> f1f2
2026-05-21 14:47:56 - INFO - Move 27: Greedy Bot_Red (RED) -> h0i0
2026-05-21 14:47:56 - INFO - Move 28: Minimax Bot (depth=2)_Black (BLACK) -> f2f1
2026-05-21 14:47:56 - INFO - Move 29: Greedy Bot_Red (RED) -> i0h0
2026-05-21 14:47:57 - INFO - Move 30: Minimax Bot (depth=2)_Black (BLACK) -> f1f2
2026-05-21 14:47:57 - INFO - Move 31: Greedy Bot_Red (RED) -> h0i0
2026-05-21 14:47:57 - INFO - Move 32: Minimax Bot (depth=2)_Black (BLACK) -> a3a4
2026-05-21 14:47:57 - INFO - Move 33: Greedy Bot_Red (RED) -> i0h0
2026-05-21 14:47:57 - INFO - Move 34: Minimax Bot (depth=2)_Black (BLACK) -> f2f1
2026-05-21 14:47:57 - INFO - Move 35: Greedy Bot_Red (RED) -> h0i0
2026-05-21 14:47:57 - INFO - Move 36: Minimax Bot (depth=2)_Black (BLACK) -> f1f2
2026-05-21 14:47:57 - INFO - Move 37: Greedy Bot_Red (RED) -> i0h0
2026-05-21 14:47:57 - INFO - Move 38: Minimax Bot (depth=2)_Black (BLACK) -> f2f1
2026-05-21 14:47:57 - INFO - Move 39: Greedy Bot_Red (RED) -> h0i0
2026-05-21 14:47:57 - INFO - Move 40: Minimax Bot (depth=2)_Black (BLACK) -> c3c4
2026-05-21 14:47:57 - INFO - Move 41: Greedy Bot_Red (RED) -> i0h0
2026-05-21 14:47:57 - INFO - Move 42: Minimax Bot (depth=2)_Black (BLACK) -> f1f2
2026-05-21 14:47:57 - INFO - Move 43: Greedy Bot_Red (RED) -> h0i0
2026-05-21 14:47:57 - INFO - Move 44: Minimax Bot (depth=2)_Black (BLACK) -> f2f1
2026-05-21 14:47:57 - INFO - Move 45: Greedy Bot_Red (RED) -> i0h0
2026-05-21 14:47:57 - INFO - Move 46: Minimax Bot (depth=2)_Black (BLACK) -> f1f2
2026-05-21 14:47:57 - INFO - Move 47: Greedy Bot_Red (RED) -> h0i0
2026-05-21 14:47:57 - INFO - Move 48: Minimax Bot (depth=2)_Black (BLACK) -> g3g4
2026-05-21 14:47:57 - INFO - Move 49: Greedy Bot_Red (RED) -> i0h0
2026-05-21 14:47:57 - INFO - Move 50: Minimax Bot (depth=2)_Black (BLACK) -> f2f1
2026-05-21 14:47:57 - INFO - Move 51: Greedy Bot_Red (RED) -> h0i0
2026-05-21 14:47:57 - INFO - Move 52: Minimax Bot (depth=2)_Black (BLACK) -> f1f2
2026-05-21 14:47:57 - INFO - Move 53: Greedy Bot_Red (RED) -> i0h0
2026-05-21 14:47:57 - INFO - Move 54: Minimax Bot (depth=2)_Black (BLACK) -> f2f1
2026-05-21 14:47:57 - INFO - Move 55: Greedy Bot_Red (RED) -> h0i0
2026-05-21 14:47:57 - INFO - Move 56: Minimax Bot (depth=2)_Black (BLACK) -> i3i4
2026-05-21 14:47:57 - INFO - Move 57: Greedy Bot_Red (RED) -> i0h0
2026-05-21 14:47:57 - INFO - Move 58: Minimax Bot (depth=2)_Black (BLACK) -> f1f2
2026-05-21 14:47:57 - INFO - Move 59: Greedy Bot_Red (RED) -> h0i0
2026-05-21 14:47:58 - INFO - Move 60: Minimax Bot (depth=2)_Black (BLACK) -> f2f1
2026-05-21 14:47:58 - INFO - Move 61: Greedy Bot_Red (RED) -> i0h0
2026-05-21 14:47:58 - INFO - Move 62: Minimax Bot (depth=2)_Black (BLACK) -> f1f2
2026-05-21 14:47:58 - INFO - Move 63: Greedy Bot_Red (RED) -> h0i0
2026-05-21 14:47:58 - INFO - Move 64: Minimax Bot (depth=2)_Black (BLACK) -> f2e2
2026-05-21 14:47:58 - INFO - Move 65: Greedy Bot_Red (RED) -> i0h0
2026-05-21 14:47:58 - INFO - Move 66: Minimax Bot (depth=2)_Black (BLACK) -> e2e1
2026-05-21 14:47:58 - INFO - Move 67: Greedy Bot_Red (RED) -> h0i0
2026-05-21 14:47:58 - INFO - Move 68: Minimax Bot (depth=2)_Black (BLACK) -> e1e2
2026-05-21 14:47:58 - INFO - Move 69: Greedy Bot_Red (RED) -> i0h0
2026-05-21 14:47:58 - INFO - Move 70: Minimax Bot (depth=2)_Black (BLACK) -> e2e1
2026-05-21 14:47:58 - INFO - Move 71: Greedy Bot_Red (RED) -> h0i0
2026-05-21 14:47:58 - INFO - Move 72: Minimax Bot (depth=2)_Black (BLACK) -> e1d1
2026-05-21 14:47:58 - INFO - Move 73: Greedy Bot_Red (RED) -> i0h0
2026-05-21 14:47:58 - INFO - Move 74: Minimax Bot (depth=2)_Black (BLACK) -> d1d2
2026-05-21 14:47:58 - INFO - Move 75: Greedy Bot_Red (RED) -> h0i0
2026-05-21 14:47:58 - INFO - Move 76: Minimax Bot (depth=2)_Black (BLACK) -> d2d1
2026-05-21 14:47:58 - INFO - Move 77: Greedy Bot_Red (RED) -> i0h0
2026-05-21 14:47:58 - INFO - Move 78: Minimax Bot (depth=2)_Black (BLACK) -> d1d2
2026-05-21 14:47:58 - INFO - Move 79: Greedy Bot_Red (RED) -> h0i0
2026-05-21 14:47:58 - INFO - Move 80: Minimax Bot (depth=2)_Black (BLACK) -> a2c0
2026-05-21 14:47:58 - INFO - Move 81: Greedy Bot_Red (RED) -> i0c0
2026-05-21 14:47:58 - INFO - Move 82: Minimax Bot (depth=2)_Black (BLACK) -> d2d1
2026-05-21 14:47:58 - INFO - Move 83: Greedy Bot_Red (RED) -> c0b0
2026-05-21 14:47:58 - INFO - Move 84: Minimax Bot (depth=2)_Black (BLACK) -> d1e1
2026-05-21 14:47:58 - INFO - Move 85: Greedy Bot_Red (RED) -> b0a0
2026-05-21 14:47:58 - INFO - Move 86: Minimax Bot (depth=2)_Black (BLACK) -> e1e2
2026-05-21 14:47:58 - INFO - Move 87: Greedy Bot_Red (RED) -> a0b0
2026-05-21 14:47:59 - INFO - Move 88: Minimax Bot (depth=2)_Black (BLACK) -> e2f2
2026-05-21 14:47:59 - INFO - Move 89: Greedy Bot_Red (RED) -> b0a0
2026-05-21 14:47:59 - INFO - Move 90: Minimax Bot (depth=2)_Black (BLACK) -> f2e2
2026-05-21 14:47:59 - INFO - Move 91: Greedy Bot_Red (RED) -> a0b0
2026-05-21 14:47:59 - INFO - Move 92: Minimax Bot (depth=2)_Black (BLACK) -> e2f2
2026-05-21 14:47:59 - INFO - Move 93: Greedy Bot_Red (RED) -> b0a0
2026-05-21 14:47:59 - INFO - Move 94: Minimax Bot (depth=2)_Black (BLACK) -> f2f1
2026-05-21 14:47:59 - INFO - Move 95: Greedy Bot_Red (RED) -> a0b0
2026-05-21 14:47:59 - INFO - Move 96: Minimax Bot (depth=2)_Black (BLACK) -> f1e1
2026-05-21 14:47:59 - INFO - Move 97: Greedy Bot_Red (RED) -> b0a0
2026-05-21 14:47:59 - INFO - Move 98: Minimax Bot (depth=2)_Black (BLACK) -> e1d1
2026-05-21 14:47:59 - INFO - Move 99: Greedy Bot_Red (RED) -> a0b0
2026-05-21 14:47:59 - INFO - Move 100: Minimax Bot (depth=2)_Black (BLACK) -> d1d2
2026-05-21 14:47:59 - INFO - Move 101: Greedy Bot_Red (RED) -> b0a0
2026-05-21 14:47:59 - INFO - Move 102: Minimax Bot (depth=2)_Black (BLACK) -> g0e2
2026-05-21 14:47:59 - INFO - Move 103: Greedy Bot_Red (RED) -> a0b0
2026-05-21 14:47:59 - INFO - Move 104: Minimax Bot (depth=2)_Black (BLACK) -> e2c0
2026-05-21 14:47:59 - INFO - Move 105: Greedy Bot_Red (RED) -> b0a0
2026-05-21 14:47:59 - INFO - Move 106: Minimax Bot (depth=2)_Black (BLACK) -> c0a2
2026-05-21 14:47:59 - INFO - Move 107: Greedy Bot_Red (RED) -> a0a4
2026-05-21 14:47:59 - INFO - Move 108: Minimax Bot (depth=2)_Black (BLACK) -> d2d1
2026-05-21 14:47:59 - INFO - Move 109: Greedy Bot_Red (RED) -> a4g4
2026-05-21 14:47:59 - INFO - Move 110: Minimax Bot (depth=2)_Black (BLACK) -> d1d2
2026-05-21 14:47:59 - INFO - Move 111: Greedy Bot_Red (RED) -> h1g1
2026-05-21 14:47:59 - INFO - Move 112: Minimax Bot (depth=2)_Black (BLACK) -> d2e2
2026-05-21 14:47:59 - INFO - Move 113: Greedy Bot_Red (RED) -> g1f1
2026-05-21 14:47:59 - INFO - Move 114: Minimax Bot (depth=2)_Black (BLACK) -> e2f2
2026-05-21 14:47:59 - INFO - Move 115: Greedy Bot_Red (RED) -> f1e1
2026-05-21 14:47:59 - INFO - Move 116: Minimax Bot (depth=2)_Black (BLACK) -> f2e2
2026-05-21 14:47:59 - INFO - Move 117: Greedy Bot_Red (RED) -> e1d1
2026-05-21 14:47:59 - INFO - Move 118: Minimax Bot (depth=2)_Black (BLACK) -> e2d2
2026-05-21 14:47:59 - INFO - Move 119: Greedy Bot_Red (RED) -> d1c1
2026-05-21 14:48:00 - INFO - Move 120: Minimax Bot (depth=2)_Black (BLACK) -> d2e2
2026-05-21 14:48:00 - INFO - Move 121: Greedy Bot_Red (RED) -> c1b1
2026-05-21 14:48:00 - INFO - Move 122: Minimax Bot (depth=2)_Black (BLACK) -> e2f2
2026-05-21 14:48:00 - INFO - Move 123: Greedy Bot_Red (RED) -> b1a1
2026-05-21 14:48:00 - INFO - Move 124: Minimax Bot (depth=2)_Black (BLACK) -> f2e2
2026-05-21 14:48:00 - INFO - Move 125: Greedy Bot_Red (RED) -> a1b1
2026-05-21 14:48:00 - INFO - Move 126: Minimax Bot (depth=2)_Black (BLACK) -> e2f2
2026-05-21 14:48:00 - INFO - Move 127: Greedy Bot_Red (RED) -> b1a1
2026-05-21 14:48:00 - INFO - Move 128: Minimax Bot (depth=2)_Black (BLACK) -> f2f1
2026-05-21 14:48:00 - INFO - Move 129: Greedy Bot_Red (RED) -> a1b1
2026-05-21 14:48:00 - INFO - Move 130: Minimax Bot (depth=2)_Black (BLACK) -> f1e1
2026-05-21 14:48:00 - INFO - Move 131: Greedy Bot_Red (RED) -> b1a1
2026-05-21 14:48:00 - INFO - Move 132: Minimax Bot (depth=2)_Black (BLACK) -> e1d1
2026-05-21 14:48:00 - INFO - Move 133: Greedy Bot_Red (RED) -> a1b1
2026-05-21 14:48:00 - INFO - Move 134: Minimax Bot (depth=2)_Black (BLACK) -> d1d2
2026-05-21 14:48:00 - INFO - Move 135: Greedy Bot_Red (RED) -> b1a1
2026-05-21 14:48:00 - INFO - Move 136: Minimax Bot (depth=2)_Black (BLACK) -> d2d1
2026-05-21 14:48:00 - INFO - Move 137: Greedy Bot_Red (RED) -> a1b1
2026-05-21 14:48:00 - INFO - Move 138: Minimax Bot (depth=2)_Black (BLACK) -> d1d2
2026-05-21 14:48:00 - INFO - Move 139: Greedy Bot_Red (RED) -> b1a1
2026-05-21 14:48:00 - INFO - Move 140: Minimax Bot (depth=2)_Black (BLACK) -> a2c0
2026-05-21 14:48:00 - INFO - Move 141: Greedy Bot_Red (RED) -> a1b1
2026-05-21 14:48:00 - INFO - Move 142: Minimax Bot (depth=2)_Black (BLACK) -> d2e2
2026-05-21 14:48:00 - INFO - Move 143: Greedy Bot_Red (RED) -> b1a1
2026-05-21 14:48:00 - INFO - Move 144: Minimax Bot (depth=2)_Black (BLACK) -> e2f2
2026-05-21 14:48:00 - INFO - Move 145: Greedy Bot_Red (RED) -> a1b1
2026-05-21 14:48:00 - INFO - Move 146: Minimax Bot (depth=2)_Black (BLACK) -> f2e2
2026-05-21 14:48:00 - INFO - Move 147: Greedy Bot_Red (RED) -> b1a1
2026-05-21 14:48:00 - INFO - Move 148: Minimax Bot (depth=2)_Black (BLACK) -> e2f2
2026-05-21 14:48:00 - INFO - Move 149: Greedy Bot_Red (RED) -> a1b1
2026-05-21 14:48:00 - INFO - Move 150: Minimax Bot (depth=2)_Black (BLACK) -> f2f1
2026-05-21 14:48:00 - INFO - Move 151: Greedy Bot_Red (RED) -> b1a1
2026-05-21 14:48:00 - INFO - Move 152: Minimax Bot (depth=2)_Black (BLACK) -> c0a2
2026-05-21 14:48:00 - INFO - Move 153: Greedy Bot_Red (RED) -> a1b1
2026-05-21 14:48:00 - INFO - Move 154: Minimax Bot (depth=2)_Black (BLACK) -> f1e1
2026-05-21 14:48:00 - INFO - Move 155: Greedy Bot_Red (RED) -> b1a1
2026-05-21 14:48:00 - INFO - Move 156: Minimax Bot (depth=2)_Black (BLACK) -> e1e0
2026-05-21 14:48:00 - INFO - Move 157: Greedy Bot_Red (RED) -> a1b1
2026-05-21 14:48:00 - INFO - Move 158: Minimax Bot (depth=2)_Black (BLACK) -> e0d0
2026-05-21 14:48:00 - INFO - Move 159: Greedy Bot_Red (RED) -> b1a1
2026-05-21 14:48:00 - INFO - Move 160: Minimax Bot (depth=2)_Black (BLACK) -> d0e0
2026-05-21 14:48:00 - INFO - Move 161: Greedy Bot_Red (RED) -> a1b1
2026-05-21 14:48:00 - INFO - Move 162: Minimax Bot (depth=2)_Black (BLACK) -> e0d0
2026-05-21 14:48:00 - INFO - Move 163: Greedy Bot_Red (RED) -> b1a1
2026-05-21 14:48:01 - INFO - Move 164: Minimax Bot (depth=2)_Black (BLACK) -> a2c0
2026-05-21 14:48:01 - INFO - Move 165: Greedy Bot_Red (RED) -> a1b1
2026-05-21 14:48:01 - INFO - Move 166: Minimax Bot (depth=2)_Black (BLACK) -> d0d1
2026-05-21 14:48:01 - INFO - Move 167: Greedy Bot_Red (RED) -> b1a1
2026-05-21 14:48:01 - INFO - Move 168: Minimax Bot (depth=2)_Black (BLACK) -> d1d2
2026-05-21 14:48:01 - INFO - Move 169: Greedy Bot_Red (RED) -> a1b1
2026-05-21 14:48:01 - INFO - Move 170: Minimax Bot (depth=2)_Black (BLACK) -> d2d1
2026-05-21 14:48:01 - INFO - Move 171: Greedy Bot_Red (RED) -> b1a1
2026-05-21 14:48:01 - INFO - Move 172: Minimax Bot (depth=2)_Black (BLACK) -> d1e1
2026-05-21 14:48:01 - INFO - Move 173: Greedy Bot_Red (RED) -> a1b1
2026-05-21 14:48:01 - INFO - Move 174: Minimax Bot (depth=2)_Black (BLACK) -> e1f1
2026-05-21 14:48:01 - INFO - Move 175: Greedy Bot_Red (RED) -> b1a1
2026-05-21 14:48:01 - INFO - Move 176: Minimax Bot (depth=2)_Black (BLACK) -> f1e1
2026-05-21 14:48:01 - INFO - Move 177: Greedy Bot_Red (RED) -> a1b1
2026-05-21 14:48:01 - INFO - Move 178: Minimax Bot (depth=2)_Black (BLACK) -> c0e2
2026-05-21 14:48:01 - INFO - Move 179: Greedy Bot_Red (RED) -> b1a1
2026-05-21 14:48:01 - INFO - Move 180: Minimax Bot (depth=2)_Black (BLACK) -> e2g0
2026-05-21 14:48:01 - INFO - Move 181: Greedy Bot_Red (RED) -> a1b1
2026-05-21 14:48:01 - INFO - Move 182: Minimax Bot (depth=2)_Black (BLACK) -> e1e2
2026-05-21 14:48:01 - INFO - Move 183: Greedy Bot_Red (RED) -> b1a1
2026-05-21 14:48:01 - INFO - Move 184: Minimax Bot (depth=2)_Black (BLACK) -> g0i2
2026-05-21 14:48:01 - INFO - Move 185: Greedy Bot_Red (RED) -> a1b1
2026-05-21 14:48:01 - INFO - Move 186: Minimax Bot (depth=2)_Black (BLACK) -> e2f2
2026-05-21 14:48:01 - INFO - Move 187: Greedy Bot_Red (RED) -> b1a1
2026-05-21 14:48:01 - INFO - Move 188: Minimax Bot (depth=2)_Black (BLACK) -> f2e2
2026-05-21 14:48:01 - INFO - Move 189: Greedy Bot_Red (RED) -> a1b1
2026-05-21 14:48:01 - INFO - Move 190: Minimax Bot (depth=2)_Black (BLACK) -> e2f2
2026-05-21 14:48:01 - INFO - Move 191: Greedy Bot_Red (RED) -> b1a1
2026-05-21 14:48:01 - INFO - Move 192: Minimax Bot (depth=2)_Black (BLACK) -> f2f1
2026-05-21 14:48:01 - INFO - Move 193: Greedy Bot_Red (RED) -> a1b1
2026-05-21 14:48:01 - INFO - Move 194: Minimax Bot (depth=2)_Black (BLACK) -> f1e1
2026-05-21 14:48:01 - INFO - Move 195: Greedy Bot_Red (RED) -> b1a1
2026-05-21 14:48:01 - INFO - Move 196: Minimax Bot (depth=2)_Black (BLACK) -> e1d1
2026-05-21 14:48:01 - INFO - Move 197: Greedy Bot_Red (RED) -> a1b1
2026-05-21 14:48:02 - INFO - Move 198: Minimax Bot (depth=2)_Black (BLACK) -> d1d2
2026-05-21 14:48:02 - INFO - Move 199: Greedy Bot_Red (RED) -> b1a1
2026-05-21 14:48:02 - INFO - Move 200: Minimax Bot (depth=2)_Black (BLACK) -> d2d1
2026-05-21 14:48:02 - INFO - PGN saved to logs\20260521144752845331.pgn
