2026-05-22 10:46:50 - INFO - Game started: Minimax Bot (depth=1)_Red (RED) vs Minimax Bot (depth=1)_Black (BLACK)
2026-05-22 10:46:50 - INFO - Move 1: Minimax Bot (depth=1)_Red (RED) -> h7e7
2026-05-22 10:46:50 - INFO - Move 2: Minimax Bot (depth=1)_Black (BLACK) -> b0c2
2026-05-22 10:46:50 - INFO - Move 3: Minimax Bot (depth=1)_Red (RED) -> e7e3
2026-05-22 10:46:50 - INFO - Move 4: Minimax Bot (depth=1)_Black (BLACK) -> c2e3
2026-05-22 10:46:50 - INFO - Move 5: Minimax Bot (depth=1)_Red (RED) -> b9c7
2026-05-22 10:46:50 - INFO - Move 6: Minimax Bot (depth=1)_Black (BLACK) -> h0g2
2026-05-22 10:46:50 - INFO - Move 7: Minimax Bot (depth=1)_Red (RED) -> h9g7
2026-05-22 10:46:50 - INFO - Move 8: Minimax Bot (depth=1)_Black (BLACK) -> a0a2
2026-05-22 10:46:50 - INFO - Move 9: Minimax Bot (depth=1)_Red (RED) -> i9h9
2026-05-22 10:46:50 - INFO - Move 10: Minimax Bot (depth=1)_Black (BLACK) -> i0i2
2026-05-22 10:46:50 - INFO - Move 11: Minimax Bot (depth=1)_Red (RED) -> h9h2
2026-05-22 10:46:50 - INFO - Move 12: Minimax Bot (depth=1)_Black (BLACK) -> i2h2
2026-05-22 10:46:50 - INFO - Move 13: Minimax Bot (depth=1)_Red (RED) -> a9a7
2026-05-22 10:46:51 - INFO - Move 14: Minimax Bot (depth=1)_Black (BLACK) -> e3d5
2026-05-22 10:46:51 - INFO - Move 15: Minimax Bot (depth=1)_Red (RED) -> b7b3
2026-05-22 10:46:51 - INFO - Move 16: Minimax Bot (depth=1)_Black (BLACK) -> d5c7
2026-05-22 10:46:51 - INFO - Move 17: Minimax Bot (depth=1)_Red (RED) -> a7c7
2026-05-22 10:46:51 - INFO - Move 18: Minimax Bot (depth=1)_Black (BLACK) -> h2h8
2026-05-22 10:46:51 - INFO - Move 19: Minimax Bot (depth=1)_Red (RED) -> b3g3
2026-05-22 10:46:51 - INFO - Move 20: Minimax Bot (depth=1)_Black (BLACK) -> d0e1
2026-05-22 10:46:51 - INFO - Move 21: Minimax Bot (depth=1)_Red (RED) -> g3a3
2026-05-22 10:46:51 - INFO - Move 22: Minimax Bot (depth=1)_Black (BLACK) -> a2a3
2026-05-22 10:46:51 - INFO - Move 23: Minimax Bot (depth=1)_Red (RED) -> c7b7
2026-05-22 10:46:51 - INFO - Move 24: Minimax Bot (depth=1)_Black (BLACK) -> a3a6
2026-05-22 10:46:51 - INFO - Move 25: Minimax Bot (depth=1)_Red (RED) -> b7b2
2026-05-22 10:46:51 - INFO - Move 26: Minimax Bot (depth=1)_Black (BLACK) -> a6c6
2026-05-22 10:46:51 - INFO - Move 27: Minimax Bot (depth=1)_Red (RED) -> b2g2
2026-05-22 10:46:51 - INFO - Move 28: Minimax Bot (depth=1)_Black (BLACK) -> c6c9
2026-05-22 10:46:51 - INFO - Move 29: Minimax Bot (depth=1)_Red (RED) -> g2g0
2026-05-22 10:46:51 - INFO - Move 30: Minimax Bot (depth=1)_Black (BLACK) -> c9d9
2026-05-22 10:46:51 - INFO - Move 31: Minimax Bot (depth=1)_Red (RED) -> e9d9
2026-05-22 10:46:51 - INFO - Move 32: Minimax Bot (depth=1)_Black (BLACK) -> h8d8
2026-05-22 10:46:51 - INFO - Move 33: Minimax Bot (depth=1)_Red (RED) -> d9d8
2026-05-22 10:46:51 - INFO - Move 34: Minimax Bot (depth=1)_Black (BLACK) -> c0e2
2026-05-22 10:46:51 - INFO - Move 35: Minimax Bot (depth=1)_Red (RED) -> g0f0
2026-05-22 10:46:51 - INFO - Move 36: Minimax Bot (depth=1)_Black (BLACK) -> e0f0
2026-05-22 10:46:51 - INFO - Move 37: Minimax Bot (depth=1)_Red (RED) -> f9e8
2026-05-22 10:46:51 - INFO - Move 38: Minimax Bot (depth=1)_Black (BLACK) -> f0f1
2026-05-22 10:46:51 - INFO - Move 39: Minimax Bot (depth=1)_Red (RED) -> g9e7
2026-05-22 10:46:51 - INFO - Move 40: Minimax Bot (depth=1)_Black (BLACK) -> f1f2
2026-05-22 10:46:51 - INFO - Move 41: Minimax Bot (depth=1)_Red (RED) -> e6e5
2026-05-22 10:46:51 - INFO - Move 42: Minimax Bot (depth=1)_Black (BLACK) -> f2f1
2026-05-22 10:46:51 - INFO - Move 43: Minimax Bot (depth=1)_Red (RED) -> e5e4
2026-05-22 10:46:51 - INFO - Move 44: Minimax Bot (depth=1)_Black (BLACK) -> f1f2
2026-05-22 10:46:51 - INFO - Move 45: Minimax Bot (depth=1)_Red (RED) -> e4e3
2026-05-22 10:46:51 - INFO - Move 46: Minimax Bot (depth=1)_Black (BLACK) -> f2f1
2026-05-22 10:46:51 - INFO - Move 47: Minimax Bot (depth=1)_Red (RED) -> e3e2
2026-05-22 10:46:51 - INFO - Move 48: Minimax Bot (depth=1)_Black (BLACK) -> f1f0
2026-05-22 10:46:51 - INFO - Move 49: Minimax Bot (depth=1)_Red (RED) -> e2e1
2026-05-22 10:46:51 - INFO - Move 50: Minimax Bot (depth=1)_Black (BLACK) -> c3c4
2026-05-22 10:46:51 - INFO - Move 51: Minimax Bot (depth=1)_Red (RED) -> e1f1
2026-05-22 10:46:51 - INFO - Move 52: Minimax Bot (depth=1)_Black (BLACK) -> f0f1
2026-05-22 10:46:51 - INFO - Move 53: Minimax Bot (depth=1)_Red (RED) -> g6g5
2026-05-22 10:46:51 - INFO - Move 54: Minimax Bot (depth=1)_Black (BLACK) -> c4c5
2026-05-22 10:46:51 - INFO - Move 55: Minimax Bot (depth=1)_Red (RED) -> e7c5
2026-05-22 10:46:51 - INFO - Move 56: Minimax Bot (depth=1)_Black (BLACK) -> f1f2
2026-05-22 10:46:51 - INFO - Move 57: Minimax Bot (depth=1)_Red (RED) -> g5g4
2026-05-22 10:46:51 - INFO - Move 58: Minimax Bot (depth=1)_Black (BLACK) -> f2e2
2026-05-22 10:46:51 - INFO - Move 59: Minimax Bot (depth=1)_Red (RED) -> g4f4
2026-05-22 10:46:51 - INFO - Move 60: Minimax Bot (depth=1)_Black (BLACK) -> e2e1
2026-05-22 10:46:51 - INFO - Move 61: Minimax Bot (depth=1)_Red (RED) -> c5e7
2026-05-22 10:46:51 - INFO - Move 62: Minimax Bot (depth=1)_Black (BLACK) -> e1e2
2026-05-22 10:46:51 - INFO - Move 63: Minimax Bot (depth=1)_Red (RED) -> f4e4
2026-05-22 10:46:51 - INFO - Move 64: Minimax Bot (depth=1)_Black (BLACK) -> e2e1
2026-05-22 10:46:51 - INFO - Move 65: Minimax Bot (depth=1)_Red (RED) -> g7f5
2026-05-22 10:46:51 - INFO - Move 66: Minimax Bot (depth=1)_Black (BLACK) -> e1e0
2026-05-22 10:46:51 - INFO - Move 67: Minimax Bot (depth=1)_Red (RED) -> f5d4
2026-05-22 10:46:51 - INFO - Move 68: Minimax Bot (depth=1)_Black (BLACK) -> e0e1
2026-05-22 10:46:51 - INFO - Move 69: Minimax Bot (depth=1)_Red (RED) -> d4b3
2026-05-22 10:46:51 - INFO - Move 70: Minimax Bot (depth=1)_Black (BLACK) -> e1e2
2026-05-22 10:46:51 - INFO - Move 71: Minimax Bot (depth=1)_Red (RED) -> e4e3
2026-05-22 10:46:51 - INFO - Move 72: Minimax Bot (depth=1)_Black (BLACK) -> e2f2
2026-05-22 10:46:51 - INFO - Move 73: Minimax Bot (depth=1)_Red (RED) -> i6i5
2026-05-22 10:46:51 - INFO - Move 74: Minimax Bot (depth=1)_Black (BLACK) -> f2f1
2026-05-22 10:46:51 - INFO - Move 75: Minimax Bot (depth=1)_Red (RED) -> i5i4
2026-05-22 10:46:51 - INFO - Move 76: Minimax Bot (depth=1)_Black (BLACK) -> i3i4
2026-05-22 10:46:51 - INFO - Move 77: Minimax Bot (depth=1)_Red (RED) -> d8d7
2026-05-22 10:46:51 - INFO - Move 78: Minimax Bot (depth=1)_Black (BLACK) -> i4i5
2026-05-22 10:46:51 - INFO - Move 79: Minimax Bot (depth=1)_Red (RED) -> d7d8
2026-05-22 10:46:51 - INFO - Move 80: Minimax Bot (depth=1)_Black (BLACK) -> i5h5
2026-05-22 10:46:51 - INFO - Move 81: Minimax Bot (depth=1)_Red (RED) -> d8d7
2026-05-22 10:46:51 - INFO - Move 82: Minimax Bot (depth=1)_Black (BLACK) -> f1f2
2026-05-22 10:46:51 - INFO - Move 83: Minimax Bot (depth=1)_Red (RED) -> d7d8
2026-05-22 10:46:51 - INFO - Move 84: Minimax Bot (depth=1)_Black (BLACK) -> f2f1
2026-05-22 10:46:51 - INFO - Move 85: Minimax Bot (depth=1)_Red (RED) -> d8d7
2026-05-22 10:46:51 - INFO - Move 86: Minimax Bot (depth=1)_Black (BLACK) -> f1f2
2026-05-22 10:46:51 - INFO - Move 87: Minimax Bot (depth=1)_Red (RED) -> d7d8
2026-05-22 10:46:51 - INFO - Move 88: Minimax Bot (depth=1)_Black (BLACK) -> f2f1
2026-05-22 10:46:51 - INFO - Game ended. Status: draw
2026-05-22 10:46:51 - INFO - PGN saved to logs\20260522104650264454.pgn
