2026-05-20 18:29:01 - INFO - Game started: Negamax Bot (depth=3)_Red (RED) vs Minimax Bot (depth=3)_Black (BLACK)
2026-05-20 18:29:01 - INFO - Move 1: Negamax Bot (depth=3)_Red (RED) -> h7e7
2026-05-20 18:29:01 - INFO - Move 2: Minimax Bot (depth=3)_Black (BLACK) -> b0c2
2026-05-20 18:29:07 - INFO - Move 3: Negamax Bot (depth=3)_Red (RED) -> e7g7
2026-05-20 18:29:15 - INFO - Move 4: Minimax Bot (depth=3)_Black (BLACK) -> b2b6
2026-05-20 18:29:20 - INFO - Move 5: Negamax Bot (depth=3)_Red (RED) -> g7g3
2026-05-20 18:29:31 - INFO - Move 6: Minimax Bot (depth=3)_Black (BLACK) -> h2h7
2026-05-20 18:29:37 - INFO - Move 7: Negamax Bot (depth=3)_Red (RED) -> i9i7
2026-05-20 18:29:43 - INFO - Move 8: Minimax Bot (depth=3)_Black (BLACK) -> h7h6
2026-05-20 18:29:50 - INFO - Move 9: Negamax Bot (depth=3)_Red (RED) -> b9c7
2026-05-20 18:29:57 - INFO - Move 10: Minimax Bot (depth=3)_Black (BLACK) -> h0g2
2026-05-20 18:30:09 - INFO - Move 11: Negamax Bot (depth=3)_Red (RED) -> h9g7
2026-05-20 18:30:16 - INFO - Move 12: Minimax Bot (depth=3)_Black (BLACK) -> c3c4
2026-05-20 18:30:22 - INFO - Move 13: Negamax Bot (depth=3)_Red (RED) -> i7h7
2026-05-20 18:30:28 - INFO - Move 14: Minimax Bot (depth=3)_Black (BLACK) -> i0h0
2026-05-20 18:30:33 - INFO - Move 15: Negamax Bot (depth=3)_Red (RED) -> g3g0
2026-05-20 18:30:35 - INFO - Move 16: Minimax Bot (depth=3)_Black (BLACK) -> f0e1
2026-05-20 18:30:45 - INFO - Move 17: Negamax Bot (depth=3)_Red (RED) -> a6a5
2026-05-20 18:30:53 - INFO - Move 18: Minimax Bot (depth=3)_Black (BLACK) -> b6b1
2026-05-20 18:31:01 - INFO - Move 19: Negamax Bot (depth=3)_Red (RED) -> a9a6
2026-05-20 18:31:07 - INFO - Move 20: Minimax Bot (depth=3)_Black (BLACK) -> c2b4
2026-05-20 18:31:09 - INFO - Move 21: Negamax Bot (depth=3)_Red (RED) -> a6a7
2026-05-20 18:31:12 - INFO - Move 22: Minimax Bot (depth=3)_Black (BLACK) -> b4c6
2026-05-20 18:31:14 - INFO - Move 23: Negamax Bot (depth=3)_Red (RED) -> a7a6
2026-05-20 18:31:21 - INFO - Move 24: Minimax Bot (depth=3)_Black (BLACK) -> c6b4
2026-05-20 18:31:22 - INFO - Move 25: Negamax Bot (depth=3)_Red (RED) -> a6a7
2026-05-20 18:31:26 - INFO - Move 26: Minimax Bot (depth=3)_Black (BLACK) -> b4c6
2026-05-20 18:31:26 - INFO - Move 27: Negamax Bot (depth=3)_Red (RED) -> a7a6
2026-05-20 18:31:33 - INFO - Move 28: Minimax Bot (depth=3)_Black (BLACK) -> c6b4
2026-05-20 18:31:33 - INFO - Move 29: Negamax Bot (depth=3)_Red (RED) -> a6a7
2026-05-20 18:31:36 - INFO - Move 30: Minimax Bot (depth=3)_Black (BLACK) -> b1b7
2026-05-20 18:31:37 - INFO - Move 31: Negamax Bot (depth=3)_Red (RED) -> a7b7
2026-05-20 18:31:40 - INFO - Move 32: Minimax Bot (depth=3)_Black (BLACK) -> b4a6
2026-05-20 18:31:42 - INFO - Move 33: Negamax Bot (depth=3)_Red (RED) -> b7b6
2026-05-20 18:31:45 - INFO - Move 34: Minimax Bot (depth=3)_Black (BLACK) -> c4c5
2026-05-20 18:31:47 - INFO - Move 35: Negamax Bot (depth=3)_Red (RED) -> c7a6
2026-05-20 18:31:51 - INFO - Move 36: Minimax Bot (depth=3)_Black (BLACK) -> c5c6
2026-05-20 18:31:53 - INFO - Move 37: Negamax Bot (depth=3)_Red (RED) -> b6c6
2026-05-20 18:32:00 - INFO - Move 38: Minimax Bot (depth=3)_Black (BLACK) -> a0b0
2026-05-20 18:32:13 - INFO - Move 39: Negamax Bot (depth=3)_Red (RED) -> a6c7
2026-05-20 18:32:23 - INFO - Move 40: Minimax Bot (depth=3)_Black (BLACK) -> b0b7
2026-05-20 18:32:26 - INFO - Move 41: Negamax Bot (depth=3)_Red (RED) -> c6c0
2026-05-20 18:32:32 - INFO - Move 42: Minimax Bot (depth=3)_Black (BLACK) -> h0g0
2026-05-20 18:32:34 - INFO - Move 43: Negamax Bot (depth=3)_Red (RED) -> h7h6
2026-05-20 18:32:38 - INFO - Move 44: Minimax Bot (depth=3)_Black (BLACK) -> g2f4
2026-05-20 18:32:46 - INFO - Move 45: Negamax Bot (depth=3)_Red (RED) -> a5a4
2026-05-20 18:32:51 - INFO - Move 46: Minimax Bot (depth=3)_Black (BLACK) -> a3a4
2026-05-20 18:32:56 - INFO - Move 47: Negamax Bot (depth=3)_Red (RED) -> h6h4
2026-05-20 18:33:00 - INFO - Move 48: Minimax Bot (depth=3)_Black (BLACK) -> f4g6
2026-05-20 18:33:05 - INFO - Move 49: Negamax Bot (depth=3)_Red (RED) -> h4a4
2026-05-20 18:33:09 - INFO - Move 50: Minimax Bot (depth=3)_Black (BLACK) -> g0g2
2026-05-20 18:33:17 - INFO - Move 51: Negamax Bot (depth=3)_Red (RED) -> a4d4
2026-05-20 18:33:23 - INFO - Move 52: Minimax Bot (depth=3)_Black (BLACK) -> g2h2
2026-05-20 18:33:31 - INFO - Move 53: Negamax Bot (depth=3)_Red (RED) -> d4d1
2026-05-20 18:33:35 - INFO - Move 54: Minimax Bot (depth=3)_Black (BLACK) -> e3e4
2026-05-20 18:33:40 - INFO - Move 55: Negamax Bot (depth=3)_Red (RED) -> d9e8
2026-05-20 18:33:44 - INFO - Move 56: Minimax Bot (depth=3)_Black (BLACK) -> i3i4
2026-05-20 18:33:49 - INFO - Move 57: Negamax Bot (depth=3)_Red (RED) -> d1d4
2026-05-20 18:33:51 - INFO - Move 58: Minimax Bot (depth=3)_Black (BLACK) -> h2h4
2026-05-20 18:33:58 - INFO - Move 59: Negamax Bot (depth=3)_Red (RED) -> c0c3
2026-05-20 18:34:01 - INFO - Move 60: Minimax Bot (depth=3)_Black (BLACK) -> h4f4
2026-05-20 18:34:07 - INFO - Move 61: Negamax Bot (depth=3)_Red (RED) -> g9e7
2026-05-20 18:34:10 - INFO - Move 62: Minimax Bot (depth=3)_Black (BLACK) -> i4i5
2026-05-20 18:34:14 - INFO - Move 63: Negamax Bot (depth=3)_Red (RED) -> i6i5
2026-05-20 18:34:17 - INFO - Move 64: Minimax Bot (depth=3)_Black (BLACK) -> g6i5
2026-05-20 18:34:23 - INFO - Move 65: Negamax Bot (depth=3)_Red (RED) -> e6e5
2026-05-20 18:34:25 - INFO - Move 66: Minimax Bot (depth=3)_Black (BLACK) -> f4g4
2026-05-20 18:34:27 - INFO - Move 67: Negamax Bot (depth=3)_Red (RED) -> g7h5
2026-05-20 18:34:29 - INFO - Move 68: Minimax Bot (depth=3)_Black (BLACK) -> g4h4
2026-05-20 18:34:30 - INFO - Move 69: Negamax Bot (depth=3)_Red (RED) -> h5f6
2026-05-20 18:34:34 - INFO - Move 70: Minimax Bot (depth=3)_Black (BLACK) -> h4f4
2026-05-20 18:34:40 - INFO - Move 71: Negamax Bot (depth=3)_Red (RED) -> c3c6
2026-05-20 18:34:43 - INFO - Move 72: Minimax Bot (depth=3)_Black (BLACK) -> i5g6
2026-05-20 18:34:47 - INFO - Move 73: Negamax Bot (depth=3)_Red (RED) -> e5e4
2026-05-20 18:34:50 - INFO - Move 74: Minimax Bot (depth=3)_Black (BLACK) -> f4f3
2026-05-20 18:34:57 - INFO - Move 75: Negamax Bot (depth=3)_Red (RED) -> d4d1
2026-05-20 18:35:04 - INFO - Move 76: Minimax Bot (depth=3)_Black (BLACK) -> e0f0
2026-05-20 18:35:11 - INFO - Move 77: Negamax Bot (depth=3)_Red (RED) -> f6d5
2026-05-20 18:35:17 - INFO - Move 78: Minimax Bot (depth=3)_Black (BLACK) -> g6e5
2026-05-20 18:35:22 - INFO - Move 79: Negamax Bot (depth=3)_Red (RED) -> c6e6
2026-05-20 18:35:25 - INFO - Move 80: Minimax Bot (depth=3)_Black (BLACK) -> f3f5
2026-05-20 18:35:29 - INFO - Move 81: Negamax Bot (depth=3)_Red (RED) -> e6b6
2026-05-20 18:35:30 - INFO - Move 82: Minimax Bot (depth=3)_Black (BLACK) -> e5d7
2026-05-20 18:35:30 - INFO - Move 83: Negamax Bot (depth=3)_Red (RED) -> e8d7
2026-05-20 18:35:32 - INFO - Move 84: Minimax Bot (depth=3)_Black (BLACK) -> f5f9
2026-05-20 18:35:32 - INFO - Move 85: Negamax Bot (depth=3)_Red (RED) -> e9e8
2026-05-20 18:35:33 - INFO - Move 86: Minimax Bot (depth=3)_Black (BLACK) -> f9f8
2026-05-20 18:35:33 - INFO - Move 87: Negamax Bot (depth=3)_Red (RED) -> e8e9
2026-05-20 18:35:35 - INFO - Move 88: Minimax Bot (depth=3)_Black (BLACK) -> f8f9
2026-05-20 18:35:35 - INFO - Move 89: Negamax Bot (depth=3)_Red (RED) -> e9e8
2026-05-20 18:35:36 - INFO - Move 90: Minimax Bot (depth=3)_Black (BLACK) -> f9f8
2026-05-20 18:35:36 - INFO - Move 91: Negamax Bot (depth=3)_Red (RED) -> e8e9
2026-05-20 18:35:37 - INFO - Move 92: Minimax Bot (depth=3)_Black (BLACK) -> f8f9
2026-05-20 18:35:37 - INFO - Game ended. Status: draw
2026-05-20 18:35:37 - INFO - PGN saved to logs\20260520182901026739.pgn
