2026-05-20 16:23:20,254 - Game_20260520162320253938 - INFO - Game started: Negamax Bot (depth=3) (RED) vs Random Bot (BLACK)
2026-05-20 16:23:20,256 - Game_20260520162320253938 - INFO - Move 1: Negamax Bot (depth=3) (RED) -> h7e7
2026-05-20 16:23:20,260 - Game_20260520162320253938 - INFO - Move 2: Random Bot (BLACK) -> h2f2
2026-05-20 16:23:25,608 - Game_20260520162320253938 - INFO - Move 3: Negamax Bot (depth=3) (RED) -> e7e3
2026-05-20 16:23:25,615 - Game_20260520162320253938 - INFO - Move 4: Random Bot (BLACK) -> g0i2
2026-05-20 16:23:34,299 - Game_20260520162320253938 - INFO - Move 5: Negamax Bot (depth=3) (RED) -> e3i3
2026-05-20 16:23:34,306 - Game_20260520162320253938 - INFO - Move 6: Random Bot (BLACK) -> b2b9
2026-05-20 16:23:35,948 - Game_20260520162320253938 - INFO - Move 7: Negamax Bot (depth=3) (RED) -> i3i0
2026-05-20 16:23:35,955 - Game_20260520162320253938 - INFO - Move 8: Random Bot (BLACK) -> i2g0
2026-05-20 16:23:37,438 - Game_20260520162320253938 - INFO - Move 9: Negamax Bot (depth=3) (RED) -> i0g0
2026-05-20 16:23:37,442 - Game_20260520162320253938 - INFO - Move 10: Random Bot (BLACK) -> e0e1
2026-05-20 16:23:38,875 - Game_20260520162320253938 - INFO - Move 11: Negamax Bot (depth=3) (RED) -> a9b9
2026-05-20 16:23:38,880 - Game_20260520162320253938 - INFO - Move 12: Random Bot (BLACK) -> f2g2
2026-05-20 16:23:43,849 - Game_20260520162320253938 - INFO - Move 13: Negamax Bot (depth=3) (RED) -> g0d0
2026-05-20 16:23:43,853 - Game_20260520162320253938 - INFO - Move 14: Random Bot (BLACK) -> g2g1
2026-05-20 16:23:46,204 - Game_20260520162320253938 - INFO - Move 15: Negamax Bot (depth=3) (RED) -> b7e7
2026-05-20 16:23:46,207 - Game_20260520162320253938 - INFO - Move 16: Random Bot (BLACK) -> c0e2
2026-05-20 16:23:47,672 - Game_20260520162320253938 - INFO - Move 17: Negamax Bot (depth=3) (RED) -> d0a0
2026-05-20 16:23:47,676 - Game_20260520162320253938 - INFO - Move 18: Random Bot (BLACK) -> b0c2
2026-05-20 16:23:50,127 - Game_20260520162320253938 - INFO - Move 19: Negamax Bot (depth=3) (RED) -> a0h0
2026-05-20 16:23:50,130 - Game_20260520162320253938 - INFO - Move 20: Random Bot (BLACK) -> g1h1
2026-05-20 16:23:57,695 - Game_20260520162320253938 - INFO - Move 21: Negamax Bot (depth=3) (RED) -> b9b5
2026-05-20 16:23:57,699 - Game_20260520162320253938 - INFO - Move 22: Random Bot (BLACK) -> c2a1
2026-05-20 16:24:03,769 - Game_20260520162320253938 - INFO - Move 23: Negamax Bot (depth=3) (RED) -> b5b2
2026-05-20 16:24:03,771 - Game_20260520162320253938 - INFO - Move 24: Random Bot (BLACK) -> h1h8
2026-05-20 16:24:05,412 - Game_20260520162320253938 - INFO - Move 25: Negamax Bot (depth=3) (RED) -> b2b1
2026-05-20 16:24:05,413 - Game_20260520162320253938 - INFO - Game ended: Black wins. Status: checkmate
2026-05-20 16:24:05,414 - Game_20260520162320253938 - INFO - PGN saved to logs\20260520162320253938.pgn
