2026-05-23 20:35:14 - INFO - Game started: Negamax Bot (depth=3)_Red (RED) vs Greedy Bot_Black (BLACK)
2026-05-23 20:35:14 - INFO - Move 1: Negamax Bot (depth=3)_Red (RED) -> h7e7
2026-05-23 20:35:14 - INFO - Move 2: Greedy Bot_Black (BLACK) -> b2b9
2026-05-23 20:35:17 - INFO - Move 3: Negamax Bot (depth=3)_Red (RED) -> a9b9
2026-05-23 20:35:17 - INFO - Move 4: Greedy Bot_Black (BLACK) -> a0a1
2026-05-23 20:35:20 - INFO - Move 5: Negamax Bot (depth=3)_Red (RED) -> e7e3
2026-05-23 20:35:20 - INFO - Move 6: Greedy Bot_Black (BLACK) -> b0a2
2026-05-23 20:35:24 - INFO - Move 7: Negamax Bot (depth=3)_Red (RED) -> h9g7
2026-05-23 20:35:24 - INFO - Move 8: Greedy Bot_Black (BLACK) -> e0e1
2026-05-23 20:35:27 - INFO - Move 9: Negamax Bot (depth=3)_Red (RED) -> b7a7
2026-05-23 20:35:27 - INFO - Move 10: Greedy Bot_Black (BLACK) -> g0i2
2026-05-23 20:35:33 - INFO - Move 11: Negamax Bot (depth=3)_Red (RED) -> e3i3
2026-05-23 20:35:33 - INFO - Move 12: Greedy Bot_Black (BLACK) -> c0e2
2026-05-23 20:35:38 - INFO - Move 13: Negamax Bot (depth=3)_Red (RED) -> i3i0
2026-05-23 20:35:38 - INFO - Move 14: Greedy Bot_Black (BLACK) -> h0g2
2026-05-23 20:35:44 - INFO - Move 15: Negamax Bot (depth=3)_Red (RED) -> i9h9
2026-05-23 20:35:44 - INFO - Move 16: Greedy Bot_Black (BLACK) -> a1b1
2026-05-23 20:35:49 - INFO - Move 17: Negamax Bot (depth=3)_Red (RED) -> b9b1
2026-05-23 20:35:49 - INFO - Move 18: Greedy Bot_Black (BLACK) -> a2c1
2026-05-23 20:35:53 - INFO - Move 19: Negamax Bot (depth=3)_Red (RED) -> h9h2
2026-05-23 20:35:53 - INFO - Move 20: Greedy Bot_Black (BLACK) -> e1d1
2026-05-23 20:35:57 - INFO - Move 21: Negamax Bot (depth=3)_Red (RED) -> b1c1
2026-05-23 20:35:57 - INFO - Move 22: Greedy Bot_Black (BLACK) -> d1d2
2026-05-23 20:36:00 - INFO - Move 23: Negamax Bot (depth=3)_Red (RED) -> h2g2
2026-05-23 20:36:00 - INFO - Move 24: Greedy Bot_Black (BLACK) -> d0e1
2026-05-23 20:36:03 - INFO - Move 25: Negamax Bot (depth=3)_Red (RED) -> g2i2
2026-05-23 20:36:03 - INFO - Move 26: Greedy Bot_Black (BLACK) -> e1d0
2026-05-23 20:36:05 - INFO - Move 27: Negamax Bot (depth=3)_Red (RED) -> i0d0
2026-05-23 20:36:05 - INFO - Move 28: Greedy Bot_Black (BLACK) -> f0e1
2026-05-23 20:36:06 - INFO - Move 29: Negamax Bot (depth=3)_Red (RED) -> c1e1
2026-05-23 20:36:06 - INFO - Move 30: Greedy Bot_Black (BLACK) -> a3a4
2026-05-23 20:36:07 - INFO - Move 31: Negamax Bot (depth=3)_Red (RED) -> a7a4
2026-05-23 20:36:07 - INFO - Move 32: Greedy Bot_Black (BLACK) -> c3c4
2026-05-23 20:36:08 - INFO - Move 33: Negamax Bot (depth=3)_Red (RED) -> e1e2
2026-05-23 20:36:08 - INFO - Move 34: Greedy Bot_Black (BLACK) -> d2d1
2026-05-23 20:36:09 - INFO - Move 35: Negamax Bot (depth=3)_Red (RED) -> i2i0
2026-05-23 20:36:09 - INFO - Move 36: Greedy Bot_Black (BLACK) -> g3g4
2026-05-23 20:36:10 - INFO - Move 37: Negamax Bot (depth=3)_Red (RED) -> i0e0
2026-05-23 20:36:10 - INFO - Move 38: Greedy Bot_Black (BLACK) -> c4c5
2026-05-23 20:36:11 - INFO - Move 39: Negamax Bot (depth=3)_Red (RED) -> c6c5
2026-05-23 20:36:11 - INFO - Move 40: Greedy Bot_Black (BLACK) -> g4g5
2026-05-23 20:36:12 - INFO - Move 41: Negamax Bot (depth=3)_Red (RED) -> e2g2
2026-05-23 20:36:12 - INFO - Move 42: Greedy Bot_Black (BLACK) -> g5g6
2026-05-23 20:36:13 - INFO - Move 43: Negamax Bot (depth=3)_Red (RED) -> g2g6
2026-05-23 20:36:13 - INFO - Move 44: Greedy Bot_Black (BLACK) -> d1d2
2026-05-23 20:36:14 - INFO - Move 45: Negamax Bot (depth=3)_Red (RED) -> c5c4
2026-05-23 20:36:14 - INFO - Move 46: Greedy Bot_Black (BLACK) -> d2d1
2026-05-23 20:36:14 - INFO - Move 47: Negamax Bot (depth=3)_Red (RED) -> d0b0
2026-05-23 20:36:14 - INFO - Move 48: Greedy Bot_Black (BLACK) -> d1d2
2026-05-23 20:36:15 - INFO - Move 49: Negamax Bot (depth=3)_Red (RED) -> e6e5
2026-05-23 20:36:15 - INFO - Move 50: Greedy Bot_Black (BLACK) -> d2d1
2026-05-23 20:36:15 - INFO - Move 51: Negamax Bot (depth=3)_Red (RED) -> e5e4
2026-05-23 20:36:15 - INFO - Move 52: Greedy Bot_Black (BLACK) -> d1d2
2026-05-23 20:36:16 - INFO - Move 53: Negamax Bot (depth=3)_Red (RED) -> g6h6
2026-05-23 20:36:16 - INFO - Move 54: Greedy Bot_Black (BLACK) -> d2d1
2026-05-23 20:36:17 - INFO - Move 55: Negamax Bot (depth=3)_Red (RED) -> c4d4
2026-05-23 20:36:17 - INFO - Move 56: Greedy Bot_Black (BLACK) -> d1d2
2026-05-23 20:36:18 - INFO - Move 57: Negamax Bot (depth=3)_Red (RED) -> i6i5
2026-05-23 20:36:18 - INFO - Move 58: Greedy Bot_Black (BLACK) -> d2d1
2026-05-23 20:36:19 - INFO - Move 59: Negamax Bot (depth=3)_Red (RED) -> i5i4
2026-05-23 20:36:19 - INFO - Move 60: Greedy Bot_Black (BLACK) -> d1d2
2026-05-23 20:36:20 - INFO - Move 61: Negamax Bot (depth=3)_Red (RED) -> a6a5
2026-05-23 20:36:20 - INFO - Move 62: Greedy Bot_Black (BLACK) -> d2d1
2026-05-23 20:36:20 - INFO - Move 63: Negamax Bot (depth=3)_Red (RED) -> a4a1
2026-05-23 20:36:20 - INFO - Move 64: Greedy Bot_Black (BLACK) -> d1d2
