2026-05-20 17:01:26,593 - Game_20260520170126592383 - INFO - Game started: Negamax Bot (depth=3) (RED) vs Random Bot (BLACK)
2026-05-20 17:01:26,595 - Game_20260520170126592383 - INFO - Move 1: Negamax Bot (depth=3) (RED) -> h7e7
2026-05-20 17:01:26,599 - Game_20260520170126592383 - INFO - Move 2: Random Bot (BLACK) -> h2f2
2026-05-20 17:01:30,533 - Game_20260520170126592383 - INFO - Move 3: Negamax Bot (depth=3) (RED) -> e7e3
2026-05-20 17:01:30,537 - Game_20260520170126592383 - INFO - Move 4: Random Bot (BLACK) -> g0i2
2026-05-20 17:01:34,882 - Game_20260520170126592383 - INFO - Move 5: Negamax Bot (depth=3) (RED) -> e3i3
2026-05-20 17:01:34,886 - Game_20260520170126592383 - INFO - Move 6: Random Bot (BLACK) -> b2b9
2026-05-20 17:01:35,739 - Game_20260520170126592383 - INFO - Move 7: Negamax Bot (depth=3) (RED) -> i3i0
2026-05-20 17:01:35,741 - Game_20260520170126592383 - INFO - Move 8: Random Bot (BLACK) -> i2g0
2026-05-20 17:01:36,516 - Game_20260520170126592383 - INFO - Move 9: Negamax Bot (depth=3) (RED) -> i0g0
2026-05-20 17:01:36,518 - Game_20260520170126592383 - INFO - Move 10: Random Bot (BLACK) -> e0e1
2026-05-20 17:01:37,279 - Game_20260520170126592383 - INFO - Move 11: Negamax Bot (depth=3) (RED) -> a9b9
2026-05-20 17:01:37,281 - Game_20260520170126592383 - INFO - Move 12: Random Bot (BLACK) -> f2g2
2026-05-20 17:01:39,753 - Game_20260520170126592383 - INFO - Move 13: Negamax Bot (depth=3) (RED) -> g0d0
2026-05-20 17:01:39,757 - Game_20260520170126592383 - INFO - Move 14: Random Bot (BLACK) -> g2g1
2026-05-20 17:01:40,942 - Game_20260520170126592383 - INFO - Move 15: Negamax Bot (depth=3) (RED) -> b7e7
2026-05-20 17:01:40,944 - Game_20260520170126592383 - INFO - Move 16: Random Bot (BLACK) -> c0e2
2026-05-20 17:01:41,671 - Game_20260520170126592383 - INFO - Move 17: Negamax Bot (depth=3) (RED) -> d0a0
2026-05-20 17:01:41,673 - Game_20260520170126592383 - INFO - Move 18: Random Bot (BLACK) -> b0c2
2026-05-20 17:01:42,810 - Game_20260520170126592383 - INFO - Move 19: Negamax Bot (depth=3) (RED) -> a0h0
2026-05-20 17:01:42,812 - Game_20260520170126592383 - INFO - Move 20: Random Bot (BLACK) -> g1h1
2026-05-20 17:01:48,310 - Game_20260520170126592383 - INFO - Move 21: Negamax Bot (depth=3) (RED) -> b9b5
2026-05-20 17:01:48,314 - Game_20260520170126592383 - INFO - Move 22: Random Bot (BLACK) -> c2a1
2026-05-20 17:01:54,297 - Game_20260520170126592383 - INFO - Move 23: Negamax Bot (depth=3) (RED) -> b5b2
2026-05-20 17:01:54,301 - Game_20260520170126592383 - INFO - Move 24: Random Bot (BLACK) -> h1h8
2026-05-20 17:01:57,251 - Game_20260520170126592383 - INFO - Move 25: Negamax Bot (depth=3) (RED) -> b2b1
2026-05-20 17:01:57,253 - Game_20260520170126592383 - INFO - Game ended: Black wins. Status: checkmate
2026-05-20 17:01:57,255 - Game_20260520170126592383 - INFO - PGN saved to logs\20260520170126592383.pgn
