2026-05-20 18:26:57 - INFO - Game started: Negamax Bot (depth=3)_Red (RED) vs Minimax Bot (depth=3)_Black (BLACK)
2026-05-20 18:26:57 - INFO - Move 1: Negamax Bot (depth=3)_Red (RED) -> h7e7
2026-05-20 18:26:57 - INFO - Move 2: Minimax Bot (depth=3)_Black (BLACK) -> b0c2
2026-05-20 18:27:04 - INFO - Move 3: Negamax Bot (depth=3)_Red (RED) -> e7g7
2026-05-20 18:27:14 - INFO - Move 4: Minimax Bot (depth=3)_Black (BLACK) -> b2b6
2026-05-20 18:27:21 - INFO - Move 5: Negamax Bot (depth=3)_Red (RED) -> g7g3
2026-05-20 18:27:34 - INFO - Move 6: Minimax Bot (depth=3)_Black (BLACK) -> h2h7
2026-05-20 18:27:41 - INFO - Move 7: Negamax Bot (depth=3)_Red (RED) -> i9i7
2026-05-20 18:27:45 - INFO - Move 8: Minimax Bot (depth=3)_Black (BLACK) -> h7h6
2026-05-20 18:27:48 - INFO - Move 9: Negamax Bot (depth=3)_Red (RED) -> b9c7
2026-05-20 18:27:53 - INFO - Move 10: Minimax Bot (depth=3)_Black (BLACK) -> h0g2
2026-05-20 18:28:04 - INFO - Move 11: Negamax Bot (depth=3)_Red (RED) -> h9g7
2026-05-20 18:28:12 - INFO - Move 12: Minimax Bot (depth=3)_Black (BLACK) -> c3c4
2026-05-20 18:28:15 - INFO - Move 13: Negamax Bot (depth=3)_Red (RED) -> i7h7
2026-05-20 18:28:20 - INFO - Move 14: Minimax Bot (depth=3)_Black (BLACK) -> i0h0
2026-05-20 18:28:23 - INFO - Move 15: Negamax Bot (depth=3)_Red (RED) -> g3g0
2026-05-20 18:28:24 - INFO - Move 16: Minimax Bot (depth=3)_Black (BLACK) -> f0e1
2026-05-20 18:28:32 - INFO - Move 17: Negamax Bot (depth=3)_Red (RED) -> a6a5
2026-05-20 18:28:45 - INFO - Move 18: Minimax Bot (depth=3)_Black (BLACK) -> b6b1
2026-05-20 18:28:53 - INFO - Move 19: Negamax Bot (depth=3)_Red (RED) -> a9a6
