2026-05-20 16:34:37,293 - Game_20260520163437292967 - INFO - Game started: Minimax Bot (depth=3) (RED) vs Negamax Bot (depth=3) (BLACK)
2026-05-20 16:34:37,295 - Game_20260520163437292967 - INFO - Move 1: Minimax Bot (depth=3) (RED) -> h7e7
2026-05-20 16:34:37,297 - Game_20260520163437292967 - INFO - Move 2: Negamax Bot (depth=3) (BLACK) -> b0c2
2026-05-20 16:34:41,562 - Game_20260520163437292967 - INFO - Move 3: Minimax Bot (depth=3) (RED) -> h9g7
2026-05-20 16:34:50,862 - Game_20260520163437292967 - INFO - Move 4: Negamax Bot (depth=3) (BLACK) -> h2g2
2026-05-20 16:34:54,567 - Game_20260520163437292967 - INFO - Move 5: Minimax Bot (depth=3) (RED) -> i9h9
2026-05-20 16:34:59,103 - Game_20260520163437292967 - INFO - Move 6: Negamax Bot (depth=3) (BLACK) -> g2g6
2026-05-20 16:35:03,328 - Game_20260520163437292967 - INFO - Move 7: Minimax Bot (depth=3) (RED) -> b9c7
2026-05-20 16:35:08,733 - Game_20260520163437292967 - INFO - Move 8: Negamax Bot (depth=3) (BLACK) -> a0a2
2026-05-20 16:35:11,963 - Game_20260520163437292967 - INFO - Move 9: Minimax Bot (depth=3) (RED) -> a9a7
2026-05-20 16:35:14,581 - Game_20260520163437292967 - INFO - Move 10: Negamax Bot (depth=3) (BLACK) -> g6c6
2026-05-20 16:35:16,431 - Game_20260520163437292967 - INFO - Move 11: Minimax Bot (depth=3) (RED) -> d9e8
2026-05-20 16:35:20,596 - Game_20260520163437292967 - INFO - Move 12: Negamax Bot (depth=3) (BLACK) -> c6c9
2026-05-20 16:35:24,708 - Game_20260520163437292967 - INFO - Move 13: Minimax Bot (depth=3) (RED) -> h9h1
2026-05-20 16:35:34,299 - Game_20260520163437292967 - INFO - Move 14: Negamax Bot (depth=3) (BLACK) -> b2b6
2026-05-20 16:35:40,043 - Game_20260520163437292967 - INFO - Move 15: Minimax Bot (depth=3) (RED) -> c7d5
2026-05-20 16:35:47,090 - Game_20260520163437292967 - INFO - Move 16: Negamax Bot (depth=3) (BLACK) -> b6c6
2026-05-20 16:35:58,992 - Game_20260520163437292967 - INFO - Move 17: Minimax Bot (depth=3) (RED) -> d5b4
2026-05-20 16:36:01,871 - Game_20260520163437292967 - INFO - Move 18: Negamax Bot (depth=3) (BLACK) -> c9c7
2026-05-20 16:36:08,481 - Game_20260520163437292967 - INFO - Move 19: Minimax Bot (depth=3) (RED) -> b4a2
2026-05-20 16:36:11,360 - Game_20260520163437292967 - INFO - Move 20: Negamax Bot (depth=3) (BLACK) -> c0a2
2026-05-20 16:36:15,989 - Game_20260520163437292967 - INFO - Move 21: Minimax Bot (depth=3) (RED) -> b7b0
2026-05-20 16:36:16,127 - Game_20260520163437292967 - INFO - Move 22: Negamax Bot (depth=3) (BLACK) -> c2b0
2026-05-20 16:36:17,859 - Game_20260520163437292967 - INFO - Move 23: Minimax Bot (depth=3) (RED) -> a7c7
2026-05-20 16:36:20,950 - Game_20260520163437292967 - INFO - Move 24: Negamax Bot (depth=3) (BLACK) -> c6c4
2026-05-20 16:36:25,646 - Game_20260520163437292967 - INFO - Move 25: Minimax Bot (depth=3) (RED) -> e7e3
2026-05-20 16:36:28,242 - Game_20260520163437292967 - INFO - Move 26: Negamax Bot (depth=3) (BLACK) -> b0c2
2026-05-20 16:36:33,451 - Game_20260520163437292967 - INFO - Move 27: Minimax Bot (depth=3) (RED) -> e3e4
2026-05-20 16:36:38,446 - Game_20260520163437292967 - INFO - Move 28: Negamax Bot (depth=3) (BLACK) -> g3g4
2026-05-20 16:36:44,085 - Game_20260520163437292967 - INFO - Move 29: Minimax Bot (depth=3) (RED) -> g7f5
2026-05-20 16:36:49,935 - Game_20260520163437292967 - INFO - Move 30: Negamax Bot (depth=3) (BLACK) -> c4a4
2026-05-20 16:36:56,098 - Game_20260520163437292967 - INFO - Move 31: Minimax Bot (depth=3) (RED) -> c7c3
2026-05-20 16:36:58,505 - Game_20260520163437292967 - INFO - Move 32: Negamax Bot (depth=3) (BLACK) -> g4g5
2026-05-20 16:37:04,294 - Game_20260520163437292967 - INFO - Move 33: Minimax Bot (depth=3) (RED) -> f5e3
2026-05-20 16:37:05,746 - Game_20260520163437292967 - INFO - Move 34: Negamax Bot (depth=3) (BLACK) -> c2e1
2026-05-20 16:37:10,949 - Game_20260520163437292967 - INFO - Move 35: Minimax Bot (depth=3) (RED) -> c3a3
2026-05-20 16:37:13,952 - Game_20260520163437292967 - INFO - Move 36: Negamax Bot (depth=3) (BLACK) -> a4b4
2026-05-20 16:37:18,724 - Game_20260520163437292967 - INFO - Move 37: Minimax Bot (depth=3) (RED) -> a3a2
2026-05-20 16:37:27,326 - Game_20260520163437292967 - INFO - Move 38: Negamax Bot (depth=3) (BLACK) -> b4b9
2026-05-20 16:37:33,097 - Game_20260520163437292967 - INFO - Move 39: Minimax Bot (depth=3) (RED) -> e3f1
2026-05-20 16:37:34,448 - Game_20260520163437292967 - INFO - Move 40: Negamax Bot (depth=3) (BLACK) -> e1f3
2026-05-20 16:37:41,227 - Game_20260520163437292967 - INFO - Move 41: Minimax Bot (depth=3) (RED) -> a2e2
2026-05-20 16:37:43,703 - Game_20260520163437292967 - INFO - Move 42: Negamax Bot (depth=3) (BLACK) -> d0e1
2026-05-20 16:37:48,212 - Game_20260520163437292967 - INFO - Move 43: Minimax Bot (depth=3) (RED) -> e2i2
2026-05-20 16:37:48,643 - Game_20260520163437292967 - INFO - Move 44: Negamax Bot (depth=3) (BLACK) -> e0d0
2026-05-20 16:37:53,067 - Game_20260520163437292967 - INFO - Move 45: Minimax Bot (depth=3) (RED) -> i2i0
2026-05-20 16:37:55,348 - Game_20260520163437292967 - INFO - Move 46: Negamax Bot (depth=3) (BLACK) -> f3d2
2026-05-20 16:37:57,959 - Game_20260520163437292967 - INFO - Move 47: Minimax Bot (depth=3) (RED) -> e9d9
2026-05-20 16:38:04,009 - Game_20260520163437292967 - INFO - Move 48: Negamax Bot (depth=3) (BLACK) -> b9b6
2026-05-20 16:38:07,691 - Game_20260520163437292967 - INFO - Move 49: Minimax Bot (depth=3) (RED) -> i0h0
2026-05-20 16:38:09,244 - Game_20260520163437292967 - INFO - Move 50: Negamax Bot (depth=3) (BLACK) -> b6d6
2026-05-20 16:38:11,295 - Game_20260520163437292967 - INFO - Move 51: Minimax Bot (depth=3) (RED) -> e4e2
2026-05-20 16:38:12,655 - Game_20260520163437292967 - INFO - Move 52: Negamax Bot (depth=3) (BLACK) -> d6i6
2026-05-20 16:38:14,837 - Game_20260520163437292967 - INFO - Move 53: Minimax Bot (depth=3) (RED) -> h0g0
2026-05-20 16:38:16,184 - Game_20260520163437292967 - INFO - Move 54: Negamax Bot (depth=3) (BLACK) -> i6f6
2026-05-20 16:38:19,480 - Game_20260520163437292967 - INFO - Move 55: Minimax Bot (depth=3) (RED) -> a6a5
2026-05-20 16:38:22,051 - Game_20260520163437292967 - INFO - Move 56: Negamax Bot (depth=3) (BLACK) -> i3i4
2026-05-20 16:38:25,258 - Game_20260520163437292967 - INFO - Move 57: Minimax Bot (depth=3) (RED) -> h1h6
2026-05-20 16:38:26,003 - Game_20260520163437292967 - INFO - Move 58: Negamax Bot (depth=3) (BLACK) -> g5g6
2026-05-20 16:38:28,355 - Game_20260520163437292967 - INFO - Move 59: Minimax Bot (depth=3) (RED) -> h6g6
2026-05-20 16:38:30,610 - Game_20260520163437292967 - INFO - Move 60: Negamax Bot (depth=3) (BLACK) -> f6f8
2026-05-20 16:38:33,121 - Game_20260520163437292967 - INFO - Move 61: Minimax Bot (depth=3) (RED) -> a5a4
2026-05-20 16:38:35,156 - Game_20260520163437292967 - INFO - Move 62: Negamax Bot (depth=3) (BLACK) -> f8f2
2026-05-20 16:38:38,567 - Game_20260520163437292967 - INFO - Move 63: Minimax Bot (depth=3) (RED) -> g9e7
2026-05-20 16:38:40,959 - Game_20260520163437292967 - INFO - Move 64: Negamax Bot (depth=3) (BLACK) -> f2f8
2026-05-20 16:38:44,159 - Game_20260520163437292967 - INFO - Move 65: Minimax Bot (depth=3) (RED) -> e2e3
2026-05-20 16:38:46,398 - Game_20260520163437292967 - INFO - Move 66: Negamax Bot (depth=3) (BLACK) -> f8f2
2026-05-20 16:38:50,603 - Game_20260520163437292967 - INFO - Move 67: Minimax Bot (depth=3) (RED) -> g6g2
2026-05-20 16:38:51,442 - Game_20260520163437292967 - INFO - Move 68: Negamax Bot (depth=3) (BLACK) -> d0d1
2026-05-20 16:38:54,608 - Game_20260520163437292967 - INFO - Move 69: Minimax Bot (depth=3) (RED) -> a4b4
2026-05-20 16:38:55,937 - Game_20260520163437292967 - INFO - Move 70: Negamax Bot (depth=3) (BLACK) -> i4i5
2026-05-20 16:38:59,196 - Game_20260520163437292967 - INFO - Move 71: Minimax Bot (depth=3) (RED) -> b4b3
2026-05-20 16:39:01,158 - Game_20260520163437292967 - INFO - Move 72: Negamax Bot (depth=3) (BLACK) -> f2f3
2026-05-20 16:39:04,043 - Game_20260520163437292967 - INFO - Move 73: Minimax Bot (depth=3) (RED) -> e3e4
2026-05-20 16:39:07,543 - Game_20260520163437292967 - INFO - Move 74: Negamax Bot (depth=3) (BLACK) -> f3f2
2026-05-20 16:39:10,810 - Game_20260520163437292967 - INFO - Move 75: Minimax Bot (depth=3) (RED) -> b3c3
2026-05-20 16:39:14,530 - Game_20260520163437292967 - INFO - Move 76: Negamax Bot (depth=3) (BLACK) -> i5i6
2026-05-20 16:39:17,737 - Game_20260520163437292967 - INFO - Move 77: Minimax Bot (depth=3) (RED) -> c3b3
2026-05-20 16:39:19,397 - Game_20260520163437292967 - INFO - Move 78: Negamax Bot (depth=3) (BLACK) -> i6i7
2026-05-20 16:39:22,673 - Game_20260520163437292967 - INFO - Move 79: Minimax Bot (depth=3) (RED) -> g0h0
2026-05-20 16:39:25,657 - Game_20260520163437292967 - INFO - Move 80: Negamax Bot (depth=3) (BLACK) -> i7i8
2026-05-20 16:39:29,815 - Game_20260520163437292967 - INFO - Move 81: Minimax Bot (depth=3) (RED) -> h0h5
2026-05-20 16:39:32,204 - Game_20260520163437292967 - INFO - Move 82: Negamax Bot (depth=3) (BLACK) -> f2f3
2026-05-20 16:39:38,266 - Game_20260520163437292967 - INFO - Move 83: Minimax Bot (depth=3) (RED) -> g2e2
2026-05-20 16:39:42,103 - Game_20260520163437292967 - INFO - Move 84: Negamax Bot (depth=3) (BLACK) -> f3d3
2026-05-20 16:39:47,149 - Game_20260520163437292967 - INFO - Move 85: Minimax Bot (depth=3) (RED) -> b3c3
2026-05-20 16:39:48,603 - Game_20260520163437292967 - INFO - Move 86: Negamax Bot (depth=3) (BLACK) -> d3d6
2026-05-20 16:39:52,407 - Game_20260520163437292967 - INFO - Move 87: Minimax Bot (depth=3) (RED) -> h5d5
2026-05-20 16:39:55,027 - Game_20260520163437292967 - INFO - Move 88: Negamax Bot (depth=3) (BLACK) -> d6c6
2026-05-20 16:39:59,645 - Game_20260520163437292967 - INFO - Move 89: Minimax Bot (depth=3) (RED) -> d9e9
2026-05-20 16:40:03,248 - Game_20260520163437292967 - INFO - Move 90: Negamax Bot (depth=3) (BLACK) -> c6b6
2026-05-20 16:40:07,604 - Game_20260520163437292967 - INFO - Move 91: Minimax Bot (depth=3) (RED) -> e4e3
2026-05-20 16:40:13,342 - Game_20260520163437292967 - INFO - Move 92: Negamax Bot (depth=3) (BLACK) -> b6b9
2026-05-20 16:40:16,428 - Game_20260520163437292967 - INFO - Move 93: Minimax Bot (depth=3) (RED) -> c3c2
2026-05-20 16:40:17,487 - Game_20260520163437292967 - INFO - Move 94: Negamax Bot (depth=3) (BLACK) -> b9f9
2026-05-20 16:40:20,668 - Game_20260520163437292967 - INFO - Move 95: Minimax Bot (depth=3) (RED) -> e9f9
2026-05-20 16:40:20,883 - Game_20260520163437292967 - INFO - Move 96: Negamax Bot (depth=3) (BLACK) -> d1d0
2026-05-20 16:40:22,713 - Game_20260520163437292967 - INFO - Move 97: Minimax Bot (depth=3) (RED) -> e2d2
2026-05-20 16:40:22,714 - Game_20260520163437292967 - INFO - Game ended: Black wins. Status: checkmate
2026-05-20 16:40:22,716 - Game_20260520163437292967 - INFO - PGN saved to logs\20260520163437292967.pgn
