2026-05-20 18:23:31 - INFO - === Game 20260520182331465260 start === | Red: Negamax Bot (depth=3) | Black: Random Bot
2026-05-20 18:23:31 - INFO - [GAME 20260520182331465260] Move 1: Negamax Bot (depth=3) -> h7e7
2026-05-20 18:23:31 - INFO - [GAME 20260520182331465260] Move 2: Random Bot -> h2f2
2026-05-20 18:23:35 - INFO - [GAME 20260520182331465260] Move 3: Negamax Bot (depth=3) -> e7e3
2026-05-20 18:23:35 - INFO - [GAME 20260520182331465260] Move 4: Random Bot -> g0i2
2026-05-20 18:23:40 - INFO - [GAME 20260520182331465260] Move 5: Negamax Bot (depth=3) -> e3i3
2026-05-20 18:23:40 - INFO - [GAME 20260520182331465260] Move 6: Random Bot -> b2b9
2026-05-20 18:23:41 - INFO - [GAME 20260520182331465260] Move 7: Negamax Bot (depth=3) -> i3i0
2026-05-20 18:23:41 - INFO - [GAME 20260520182331465260] Move 8: Random Bot -> i2g0
2026-05-20 18:23:42 - INFO - [GAME 20260520182331465260] Move 9: Negamax Bot (depth=3) -> i0g0
2026-05-20 18:23:42 - INFO - [GAME 20260520182331465260] Move 10: Random Bot -> e0e1
2026-05-20 18:23:42 - INFO - [GAME 20260520182331465260] Move 11: Negamax Bot (depth=3) -> a9b9
2026-05-20 18:23:42 - INFO - [GAME 20260520182331465260] Move 12: Random Bot -> f2g2
2026-05-20 18:23:45 - INFO - [GAME 20260520182331465260] Move 13: Negamax Bot (depth=3) -> g0d0
2026-05-20 18:23:45 - INFO - [GAME 20260520182331465260] Move 14: Random Bot -> g2g1
2026-05-20 18:23:46 - INFO - [GAME 20260520182331465260] Move 15: Negamax Bot (depth=3) -> b7e7
2026-05-20 18:23:46 - INFO - [GAME 20260520182331465260] Move 16: Random Bot -> c0e2
2026-05-20 18:23:47 - INFO - [GAME 20260520182331465260] Move 17: Negamax Bot (depth=3) -> d0a0
2026-05-20 18:23:47 - INFO - [GAME 20260520182331465260] Move 18: Random Bot -> b0c2
2026-05-20 18:23:48 - INFO - [GAME 20260520182331465260] Move 19: Negamax Bot (depth=3) -> a0h0
2026-05-20 18:23:48 - INFO - [GAME 20260520182331465260] Move 20: Random Bot -> g1h1
2026-05-20 18:23:52 - INFO - [GAME 20260520182331465260] Move 21: Negamax Bot (depth=3) -> b9b5
2026-05-20 18:23:52 - INFO - [GAME 20260520182331465260] Move 22: Random Bot -> c2a1
2026-05-20 18:23:56 - INFO - [GAME 20260520182331465260] Move 23: Negamax Bot (depth=3) -> b5b2
2026-05-20 18:23:56 - INFO - [GAME 20260520182331465260] Move 24: Random Bot -> h1h8
2026-05-20 18:23:57 - INFO - [GAME 20260520182331465260] Move 25: Negamax Bot (depth=3) -> b2b1
2026-05-20 18:23:57 - INFO - === Game 20260520182331465260 end === | Winner: Black | Reason: checkmate
2026-05-20 18:23:57 - INFO - PGN saved to logs\20260520182331465260.pgn
