2026-05-20 16:58:26,785 - Game_20260520165826785000 - INFO - Game started: Negamax Bot (depth=3) (RED) vs Random Bot (BLACK)
2026-05-20 16:58:26,788 - Game_20260520165826785000 - INFO - Move 1: Negamax Bot (depth=3) (RED) -> h7e7
2026-05-20 16:58:26,791 - Game_20260520165826785000 - INFO - Move 2: Random Bot (BLACK) -> h2f2
2026-05-20 16:58:31,645 - Game_20260520165826785000 - INFO - Move 3: Negamax Bot (depth=3) (RED) -> e7e3
2026-05-20 16:58:31,652 - Game_20260520165826785000 - INFO - Move 4: Random Bot (BLACK) -> g0i2
2026-05-20 16:58:40,422 - Game_20260520165826785000 - INFO - Move 5: Negamax Bot (depth=3) (RED) -> e3i3
2026-05-20 16:58:40,428 - Game_20260520165826785000 - INFO - Move 6: Random Bot (BLACK) -> b2b9
2026-05-20 16:58:42,090 - Game_20260520165826785000 - INFO - Move 7: Negamax Bot (depth=3) (RED) -> i3i0
2026-05-20 16:58:42,095 - Game_20260520165826785000 - INFO - Move 8: Random Bot (BLACK) -> i2g0
2026-05-20 16:58:43,566 - Game_20260520165826785000 - INFO - Move 9: Negamax Bot (depth=3) (RED) -> i0g0
2026-05-20 16:58:43,570 - Game_20260520165826785000 - INFO - Move 10: Random Bot (BLACK) -> e0e1
2026-05-20 16:58:45,063 - Game_20260520165826785000 - INFO - Move 11: Negamax Bot (depth=3) (RED) -> a9b9
2026-05-20 16:58:45,068 - Game_20260520165826785000 - INFO - Move 12: Random Bot (BLACK) -> f2g2
2026-05-20 16:58:50,002 - Game_20260520165826785000 - INFO - Move 13: Negamax Bot (depth=3) (RED) -> g0d0
2026-05-20 16:58:50,007 - Game_20260520165826785000 - INFO - Move 14: Random Bot (BLACK) -> g2g1
2026-05-20 16:58:52,315 - Game_20260520165826785000 - INFO - Move 15: Negamax Bot (depth=3) (RED) -> b7e7
2026-05-20 16:58:52,318 - Game_20260520165826785000 - INFO - Move 16: Random Bot (BLACK) -> c0e2
2026-05-20 16:58:53,714 - Game_20260520165826785000 - INFO - Move 17: Negamax Bot (depth=3) (RED) -> d0a0
2026-05-20 16:58:53,718 - Game_20260520165826785000 - INFO - Move 18: Random Bot (BLACK) -> b0c2
2026-05-20 16:58:55,973 - Game_20260520165826785000 - INFO - Move 19: Negamax Bot (depth=3) (RED) -> a0h0
2026-05-20 16:58:55,977 - Game_20260520165826785000 - INFO - Move 20: Random Bot (BLACK) -> g1h1
2026-05-20 16:59:03,715 - Game_20260520165826785000 - INFO - Move 21: Negamax Bot (depth=3) (RED) -> b9b5
2026-05-20 16:59:03,719 - Game_20260520165826785000 - INFO - Move 22: Random Bot (BLACK) -> c2a1
2026-05-20 16:59:09,818 - Game_20260520165826785000 - INFO - Move 23: Negamax Bot (depth=3) (RED) -> b5b2
2026-05-20 16:59:09,822 - Game_20260520165826785000 - INFO - Move 24: Random Bot (BLACK) -> h1h8
2026-05-20 16:59:12,765 - Game_20260520165826785000 - INFO - Move 25: Negamax Bot (depth=3) (RED) -> b2b1
2026-05-20 16:59:12,767 - Game_20260520165826785000 - INFO - Game ended: Black wins. Status: checkmate
2026-05-20 16:59:12,769 - Game_20260520165826785000 - INFO - PGN saved to logs\20260520165826785000.pgn
