2026-05-15 23:34:50,578 - Game_20260515233450577975 - INFO - Game started: Negamax Bot (depth=3) (RED) vs Random Bot (BLACK)
2026-05-15 23:34:50,580 - Game_20260515233450577975 - INFO - Move 1: Negamax Bot (depth=3) (RED) -> h7e7
2026-05-15 23:34:50,584 - Game_20260515233450577975 - INFO - Move 2: Random Bot (BLACK) -> h2f2
2026-05-15 23:34:54,175 - Game_20260515233450577975 - INFO - Move 3: Negamax Bot (depth=3) (RED) -> e7e3
2026-05-15 23:34:54,178 - Game_20260515233450577975 - INFO - Move 4: Random Bot (BLACK) -> g0i2
2026-05-15 23:34:58,186 - Game_20260515233450577975 - INFO - Move 5: Negamax Bot (depth=3) (RED) -> e3i3
2026-05-15 23:34:58,191 - Game_20260515233450577975 - INFO - Move 6: Random Bot (BLACK) -> b2b9
2026-05-15 23:34:58,945 - Game_20260515233450577975 - INFO - Move 7: Negamax Bot (depth=3) (RED) -> i3i0
2026-05-15 23:34:58,947 - Game_20260515233450577975 - INFO - Move 8: Random Bot (BLACK) -> i2g0
2026-05-15 23:34:59,636 - Game_20260515233450577975 - INFO - Move 9: Negamax Bot (depth=3) (RED) -> i0g0
2026-05-15 23:34:59,638 - Game_20260515233450577975 - INFO - Move 10: Random Bot (BLACK) -> e0e1
2026-05-15 23:35:00,312 - Game_20260515233450577975 - INFO - Move 11: Negamax Bot (depth=3) (RED) -> a9b9
2026-05-15 23:35:00,315 - Game_20260515233450577975 - INFO - Move 12: Random Bot (BLACK) -> f2g2
2026-05-15 23:35:02,552 - Game_20260515233450577975 - INFO - Move 13: Negamax Bot (depth=3) (RED) -> g0d0
2026-05-15 23:35:02,554 - Game_20260515233450577975 - INFO - Move 14: Random Bot (BLACK) -> g2g1
2026-05-15 23:35:03,608 - Game_20260515233450577975 - INFO - Move 15: Negamax Bot (depth=3) (RED) -> b7e7
2026-05-15 23:35:03,610 - Game_20260515233450577975 - INFO - Move 16: Random Bot (BLACK) -> c0e2
2026-05-15 23:35:04,266 - Game_20260515233450577975 - INFO - Move 17: Negamax Bot (depth=3) (RED) -> d0a0
2026-05-15 23:35:04,268 - Game_20260515233450577975 - INFO - Move 18: Random Bot (BLACK) -> b0c2
2026-05-15 23:35:05,288 - Game_20260515233450577975 - INFO - Move 19: Negamax Bot (depth=3) (RED) -> a0h0
2026-05-15 23:35:05,289 - Game_20260515233450577975 - INFO - Move 20: Random Bot (BLACK) -> g1h1
2026-05-15 23:35:08,795 - Game_20260515233450577975 - INFO - Move 21: Negamax Bot (depth=3) (RED) -> b9b5
2026-05-15 23:35:08,797 - Game_20260515233450577975 - INFO - Move 22: Random Bot (BLACK) -> c2a1
2026-05-15 23:35:11,609 - Game_20260515233450577975 - INFO - Move 23: Negamax Bot (depth=3) (RED) -> b5b2
2026-05-15 23:35:11,611 - Game_20260515233450577975 - INFO - Move 24: Random Bot (BLACK) -> h1h8
2026-05-15 23:35:13,653 - Game_20260515233450577975 - INFO - Move 25: Negamax Bot (depth=3) (RED) -> b2b1
2026-05-15 23:35:13,656 - Game_20260515233450577975 - INFO - Game ended: Black wins. Status: checkmate
2026-05-15 23:35:13,657 - Game_20260515233450577975 - INFO - PGN saved to logs\20260515233450577975.pgn
