2026-05-21 15:07:32 - INFO - Game started: Minimax Bot (depth=2)_Red (RED) vs Minimax Bot (depth=2)_Black (BLACK)
2026-05-21 15:07:32 - INFO - Move 1: Minimax Bot (depth=2)_Red (RED) -> h7e7
2026-05-21 15:07:32 - INFO - Move 2: Minimax Bot (depth=2)_Black (BLACK) -> b0c2
2026-05-21 15:07:33 - INFO - Move 3: Minimax Bot (depth=2)_Red (RED) -> b7d7
2026-05-21 15:07:34 - INFO - Move 4: Minimax Bot (depth=2)_Black (BLACK) -> c2b0
2026-05-21 15:07:34 - INFO - Move 5: Minimax Bot (depth=2)_Red (RED) -> e7e8
2026-05-21 15:07:35 - INFO - Move 6: Minimax Bot (depth=2)_Black (BLACK) -> b2d2
2026-05-21 15:07:35 - INFO - Move 7: Minimax Bot (depth=2)_Red (RED) -> d7d8
2026-05-21 15:07:36 - INFO - Move 8: Minimax Bot (depth=2)_Black (BLACK) -> h2f2
2026-05-21 15:07:37 - INFO - Move 9: Minimax Bot (depth=2)_Red (RED) -> c9a7
2026-05-21 15:07:37 - INFO - Move 10: Minimax Bot (depth=2)_Black (BLACK) -> c0a2
2026-05-21 15:07:37 - INFO - Move 11: Minimax Bot (depth=2)_Red (RED) -> g9i7
2026-05-21 15:07:38 - INFO - Move 12: Minimax Bot (depth=2)_Black (BLACK) -> e0e1
2026-05-21 15:07:38 - INFO - Move 13: Minimax Bot (depth=2)_Red (RED) -> a6a5
2026-05-21 15:07:40 - INFO - Move 14: Minimax Bot (depth=2)_Black (BLACK) -> d2d1
2026-05-21 15:07:41 - INFO - Move 15: Minimax Bot (depth=2)_Red (RED) -> c6c5
2026-05-21 15:07:42 - INFO - Move 16: Minimax Bot (depth=2)_Black (BLACK) -> f2f1
2026-05-21 15:07:43 - INFO - Move 17: Minimax Bot (depth=2)_Red (RED) -> e6e5
2026-05-21 15:07:43 - INFO - Move 18: Minimax Bot (depth=2)_Black (BLACK) -> g0i2
2026-05-21 15:07:44 - INFO - Move 19: Minimax Bot (depth=2)_Red (RED) -> i6i5
2026-05-21 15:07:44 - INFO - Move 20: Minimax Bot (depth=2)_Black (BLACK) -> e1e2
2026-05-21 15:07:45 - INFO - Move 21: Minimax Bot (depth=2)_Red (RED) -> g6g5
2026-05-21 15:07:45 - INFO - Move 22: Minimax Bot (depth=2)_Black (BLACK) -> d1e1
2026-05-21 15:07:45 - INFO - Move 23: Minimax Bot (depth=2)_Red (RED) -> a9a8
2026-05-21 15:07:46 - INFO - Move 24: Minimax Bot (depth=2)_Black (BLACK) -> e2f2
2026-05-21 15:07:46 - INFO - Move 25: Minimax Bot (depth=2)_Red (RED) -> a8a9
2026-05-21 15:07:47 - INFO - Move 26: Minimax Bot (depth=2)_Black (BLACK) -> a0a1
2026-05-21 15:07:47 - INFO - Move 27: Minimax Bot (depth=2)_Red (RED) -> a9a8
2026-05-21 15:07:47 - INFO - Move 28: Minimax Bot (depth=2)_Black (BLACK) -> a1d1
2026-05-21 15:07:48 - INFO - Move 29: Minimax Bot (depth=2)_Red (RED) -> a8a9
2026-05-21 15:07:48 - INFO - Move 30: Minimax Bot (depth=2)_Black (BLACK) -> i0i1
2026-05-21 15:07:49 - INFO - Move 31: Minimax Bot (depth=2)_Red (RED) -> a9a8
2026-05-21 15:07:49 - INFO - Move 32: Minimax Bot (depth=2)_Black (BLACK) -> i1i0
2026-05-21 15:07:50 - INFO - Move 33: Minimax Bot (depth=2)_Red (RED) -> a8a9
2026-05-21 15:07:51 - INFO - Move 34: Minimax Bot (depth=2)_Black (BLACK) -> i0i1
2026-05-21 15:07:52 - INFO - Move 35: Minimax Bot (depth=2)_Red (RED) -> a9a8
2026-05-21 15:07:53 - INFO - Move 36: Minimax Bot (depth=2)_Black (BLACK) -> e1e0
2026-05-21 15:07:54 - INFO - Move 37: Minimax Bot (depth=2)_Red (RED) -> a8a9
2026-05-21 15:07:55 - INFO - Move 38: Minimax Bot (depth=2)_Black (BLACK) -> d1e1
2026-05-21 15:07:55 - INFO - Move 39: Minimax Bot (depth=2)_Red (RED) -> a9a8
2026-05-21 15:07:56 - INFO - Move 40: Minimax Bot (depth=2)_Black (BLACK) -> i1i0
2026-05-21 15:07:57 - INFO - Move 41: Minimax Bot (depth=2)_Red (RED) -> a8a9
2026-05-21 15:07:57 - INFO - Move 42: Minimax Bot (depth=2)_Black (BLACK) -> i0i1
2026-05-21 15:07:58 - INFO - Move 43: Minimax Bot (depth=2)_Red (RED) -> a9a8
2026-05-21 15:07:59 - INFO - Move 44: Minimax Bot (depth=2)_Black (BLACK) -> i1i0
2026-05-21 15:07:59 - INFO - Move 45: Minimax Bot (depth=2)_Red (RED) -> a8a9
2026-05-21 15:08:00 - INFO - Move 46: Minimax Bot (depth=2)_Black (BLACK) -> a3a4
2026-05-21 15:08:01 - INFO - Move 47: Minimax Bot (depth=2)_Red (RED) -> a9a8
2026-05-21 15:08:01 - INFO - Move 48: Minimax Bot (depth=2)_Black (BLACK) -> i0i1
2026-05-21 15:08:02 - INFO - Move 49: Minimax Bot (depth=2)_Red (RED) -> a8a9
2026-05-21 15:08:03 - INFO - Move 50: Minimax Bot (depth=2)_Black (BLACK) -> i1i0
2026-05-21 15:08:03 - INFO - Move 51: Minimax Bot (depth=2)_Red (RED) -> a9a8
2026-05-21 15:08:04 - INFO - Move 52: Minimax Bot (depth=2)_Black (BLACK) -> i0i1
2026-05-21 15:08:05 - INFO - Move 53: Minimax Bot (depth=2)_Red (RED) -> a8a9
2026-05-21 15:08:06 - INFO - Move 54: Minimax Bot (depth=2)_Black (BLACK) -> c3c4
2026-05-21 15:08:07 - INFO - Move 55: Minimax Bot (depth=2)_Red (RED) -> a9a8
2026-05-21 15:08:08 - INFO - Move 56: Minimax Bot (depth=2)_Black (BLACK) -> i1i0
2026-05-21 15:08:08 - INFO - Move 57: Minimax Bot (depth=2)_Red (RED) -> a8a9
2026-05-21 15:08:09 - INFO - Move 58: Minimax Bot (depth=2)_Black (BLACK) -> i0i1
2026-05-21 15:08:10 - INFO - Move 59: Minimax Bot (depth=2)_Red (RED) -> a9a8
2026-05-21 15:08:11 - INFO - Move 60: Minimax Bot (depth=2)_Black (BLACK) -> i1i0
2026-05-21 15:08:12 - INFO - Move 61: Minimax Bot (depth=2)_Red (RED) -> a8a9
2026-05-21 15:08:13 - INFO - Move 62: Minimax Bot (depth=2)_Black (BLACK) -> e3e4
2026-05-21 15:08:14 - INFO - Move 63: Minimax Bot (depth=2)_Red (RED) -> a9a8
2026-05-21 15:08:14 - INFO - Move 64: Minimax Bot (depth=2)_Black (BLACK) -> i0i1
2026-05-21 15:08:15 - INFO - Move 65: Minimax Bot (depth=2)_Red (RED) -> a8a9
2026-05-21 15:08:16 - INFO - Move 66: Minimax Bot (depth=2)_Black (BLACK) -> i1i0
2026-05-21 15:08:17 - INFO - Move 67: Minimax Bot (depth=2)_Red (RED) -> a9a8
2026-05-21 15:08:18 - INFO - Move 68: Minimax Bot (depth=2)_Black (BLACK) -> i0i1
2026-05-21 15:08:19 - INFO - Move 69: Minimax Bot (depth=2)_Red (RED) -> a8a9
2026-05-21 15:08:20 - INFO - Move 70: Minimax Bot (depth=2)_Black (BLACK) -> g3g4
2026-05-21 15:08:21 - INFO - Move 71: Minimax Bot (depth=2)_Red (RED) -> a9a8
2026-05-21 15:08:22 - INFO - Move 72: Minimax Bot (depth=2)_Black (BLACK) -> i1i0
2026-05-21 15:08:22 - INFO - Move 73: Minimax Bot (depth=2)_Red (RED) -> a8a9
2026-05-21 15:08:23 - INFO - Move 74: Minimax Bot (depth=2)_Black (BLACK) -> i0i1
2026-05-21 15:08:24 - INFO - Move 75: Minimax Bot (depth=2)_Red (RED) -> a9a8
2026-05-21 15:08:25 - INFO - Move 76: Minimax Bot (depth=2)_Black (BLACK) -> i1i0
2026-05-21 15:08:26 - INFO - Move 77: Minimax Bot (depth=2)_Red (RED) -> a8a9
2026-05-21 15:08:27 - INFO - Move 78: Minimax Bot (depth=2)_Black (BLACK) -> i3i4
2026-05-21 15:08:28 - INFO - Move 79: Minimax Bot (depth=2)_Red (RED) -> a9a8
2026-05-21 15:08:28 - INFO - Move 80: Minimax Bot (depth=2)_Black (BLACK) -> i0i1
2026-05-21 15:08:29 - INFO - Move 81: Minimax Bot (depth=2)_Red (RED) -> a8a9
2026-05-21 15:08:30 - INFO - Move 82: Minimax Bot (depth=2)_Black (BLACK) -> i1i0
2026-05-21 15:08:31 - INFO - Move 83: Minimax Bot (depth=2)_Red (RED) -> a9a8
2026-05-21 15:08:32 - INFO - Move 84: Minimax Bot (depth=2)_Black (BLACK) -> i0i1
2026-05-21 15:08:33 - INFO - Move 85: Minimax Bot (depth=2)_Red (RED) -> a8a9
2026-05-21 15:08:34 - INFO - Move 86: Minimax Bot (depth=2)_Black (BLACK) -> i1g1
2026-05-21 15:08:34 - INFO - Move 87: Minimax Bot (depth=2)_Red (RED) -> a9a8
2026-05-21 15:08:35 - INFO - Move 88: Minimax Bot (depth=2)_Black (BLACK) -> g1g0
2026-05-21 15:08:35 - INFO - Move 89: Minimax Bot (depth=2)_Red (RED) -> a8a9
2026-05-21 15:08:36 - INFO - Move 90: Minimax Bot (depth=2)_Black (BLACK) -> g0g1
2026-05-21 15:08:36 - INFO - Move 91: Minimax Bot (depth=2)_Red (RED) -> a9a8
2026-05-21 15:08:37 - INFO - Move 92: Minimax Bot (depth=2)_Black (BLACK) -> g1g0
2026-05-21 15:08:37 - INFO - Move 93: Minimax Bot (depth=2)_Red (RED) -> a8a9
2026-05-21 15:08:38 - INFO - Move 94: Minimax Bot (depth=2)_Black (BLACK) -> f2e2
2026-05-21 15:08:39 - INFO - Move 95: Minimax Bot (depth=2)_Red (RED) -> a9a8
2026-05-21 15:08:39 - INFO - Move 96: Minimax Bot (depth=2)_Black (BLACK) -> g0g1
2026-05-21 15:08:40 - INFO - Move 97: Minimax Bot (depth=2)_Red (RED) -> a8a9
2026-05-21 15:08:40 - INFO - Move 98: Minimax Bot (depth=2)_Black (BLACK) -> g1i1
2026-05-21 15:08:41 - INFO - Move 99: Minimax Bot (depth=2)_Red (RED) -> a9a8
2026-05-21 15:08:41 - INFO - Move 100: Minimax Bot (depth=2)_Black (BLACK) -> i1i0
2026-05-21 15:08:42 - INFO - Move 101: Minimax Bot (depth=2)_Red (RED) -> a8a9
2026-05-21 15:08:42 - INFO - Move 102: Minimax Bot (depth=2)_Black (BLACK) -> e2d2
2026-05-21 15:08:43 - INFO - Move 103: Minimax Bot (depth=2)_Red (RED) -> a9a8
2026-05-21 15:08:43 - INFO - Move 104: Minimax Bot (depth=2)_Black (BLACK) -> i0i1
2026-05-21 15:08:44 - INFO - Move 105: Minimax Bot (depth=2)_Red (RED) -> a8a9
2026-05-21 15:08:44 - INFO - Move 106: Minimax Bot (depth=2)_Black (BLACK) -> i1i0
2026-05-21 15:08:45 - INFO - Move 107: Minimax Bot (depth=2)_Red (RED) -> a9a8
2026-05-21 15:08:45 - INFO - Move 108: Minimax Bot (depth=2)_Black (BLACK) -> i0i1
2026-05-21 15:08:46 - INFO - Move 109: Minimax Bot (depth=2)_Red (RED) -> a8a9
2026-05-21 15:08:47 - INFO - Move 110: Minimax Bot (depth=2)_Black (BLACK) -> d2e2
2026-05-21 15:08:47 - INFO - Move 111: Minimax Bot (depth=2)_Red (RED) -> a9a8
2026-05-21 15:08:48 - INFO - Move 112: Minimax Bot (depth=2)_Black (BLACK) -> i1i0
2026-05-21 15:08:48 - INFO - Move 113: Minimax Bot (depth=2)_Red (RED) -> a8a9
2026-05-21 15:08:48 - INFO - Move 114: Minimax Bot (depth=2)_Black (BLACK) -> a2c0
2026-05-21 15:08:49 - INFO - Move 115: Minimax Bot (depth=2)_Red (RED) -> a9a8
2026-05-21 15:08:49 - INFO - Move 116: Minimax Bot (depth=2)_Black (BLACK) -> e2f2
2026-05-21 15:08:50 - INFO - Move 117: Minimax Bot (depth=2)_Red (RED) -> a8a9
2026-05-21 15:08:50 - INFO - Move 118: Minimax Bot (depth=2)_Black (BLACK) -> i0i1
2026-05-21 15:08:51 - INFO - Move 119: Minimax Bot (depth=2)_Red (RED) -> a7c9
2026-05-21 15:08:51 - INFO - Move 120: Minimax Bot (depth=2)_Black (BLACK) -> b0a2
2026-05-21 15:08:51 - INFO - Game ended. Status: draw
2026-05-21 15:08:51 - INFO - PGN saved to logs\20260521150732588134.pgn
