2026-05-20 16:41:09,681 - Game_20260520164109680375 - INFO - Game started: Minimax Bot (depth=3) (RED) vs Minimax Bot (depth=3) (BLACK)
2026-05-20 16:41:09,683 - Game_20260520164109680375 - INFO - Move 1: Minimax Bot (depth=3) (RED) -> h7e7
2026-05-20 16:41:09,684 - Game_20260520164109680375 - INFO - Move 2: Minimax Bot (depth=3) (BLACK) -> b0c2
2026-05-20 16:41:13,915 - Game_20260520164109680375 - INFO - Move 3: Minimax Bot (depth=3) (RED) -> h9g7
2026-05-20 16:41:20,377 - Game_20260520164109680375 - INFO - Move 4: Minimax Bot (depth=3) (BLACK) -> b2b6
2026-05-20 16:41:24,431 - Game_20260520164109680375 - INFO - Move 5: Minimax Bot (depth=3) (RED) -> i9h9
2026-05-20 16:41:29,125 - Game_20260520164109680375 - INFO - Move 6: Minimax Bot (depth=3) (BLACK) -> i0i2
2026-05-20 16:41:32,233 - Game_20260520164109680375 - INFO - Move 7: Minimax Bot (depth=3) (RED) -> b9c7
2026-05-20 16:41:38,458 - Game_20260520164109680375 - INFO - Move 8: Minimax Bot (depth=3) (BLACK) -> h0g2
2026-05-20 16:41:40,607 - Game_20260520164109680375 - INFO - Move 9: Minimax Bot (depth=3) (RED) -> h9h5
2026-05-20 16:41:47,018 - Game_20260520164109680375 - INFO - Move 10: Minimax Bot (depth=3) (BLACK) -> a0a2
2026-05-20 16:41:49,966 - Game_20260520164109680375 - INFO - Move 11: Minimax Bot (depth=3) (RED) -> a9a7
2026-05-20 16:41:55,024 - Game_20260520164109680375 - INFO - Move 12: Minimax Bot (depth=3) (BLACK) -> c0e2
2026-05-20 16:41:57,599 - Game_20260520164109680375 - INFO - Move 13: Minimax Bot (depth=3) (RED) -> d9e8
2026-05-20 16:42:02,432 - Game_20260520164109680375 - INFO - Move 14: Minimax Bot (depth=3) (BLACK) -> d0e1
2026-05-20 16:42:05,900 - Game_20260520164109680375 - INFO - Move 15: Minimax Bot (depth=3) (RED) -> h5h4
2026-05-20 16:42:11,667 - Game_20260520164109680375 - INFO - Move 16: Minimax Bot (depth=3) (BLACK) -> g3g4
2026-05-20 16:42:13,571 - Game_20260520164109680375 - INFO - Move 17: Minimax Bot (depth=3) (RED) -> h4h3
2026-05-20 16:42:22,935 - Game_20260520164109680375 - INFO - Move 18: Minimax Bot (depth=3) (BLACK) -> g2f4
2026-05-20 16:42:33,065 - Game_20260520164109680375 - INFO - Move 19: Minimax Bot (depth=3) (RED) -> e7f7
2026-05-20 16:42:46,637 - Game_20260520164109680375 - INFO - Move 20: Minimax Bot (depth=3) (BLACK) -> f4d5
2026-05-20 16:42:54,091 - Game_20260520164109680375 - INFO - Move 21: Minimax Bot (depth=3) (RED) -> f7f1
2026-05-20 16:43:04,412 - Game_20260520164109680375 - INFO - Move 22: Minimax Bot (depth=3) (BLACK) -> d5c7
2026-05-20 16:43:15,994 - Game_20260520164109680375 - INFO - Move 23: Minimax Bot (depth=3) (RED) -> b7b8
2026-05-20 16:43:26,982 - Game_20260520164109680375 - INFO - Move 24: Minimax Bot (depth=3) (BLACK) -> c7e6
2026-05-20 16:43:32,780 - Game_20260520164109680375 - INFO - Move 25: Minimax Bot (depth=3) (RED) -> f1f6
2026-05-20 16:43:42,639 - Game_20260520164109680375 - INFO - Move 26: Minimax Bot (depth=3) (BLACK) -> a3a4
2026-05-20 16:43:53,247 - Game_20260520164109680375 - INFO - Move 27: Minimax Bot (depth=3) (RED) -> a7d7
2026-05-20 16:44:05,845 - Game_20260520164109680375 - INFO - Move 28: Minimax Bot (depth=3) (BLACK) -> a4a5
2026-05-20 16:44:17,644 - Game_20260520164109680375 - INFO - Move 29: Minimax Bot (depth=3) (RED) -> a6a5
2026-05-20 16:44:30,265 - Game_20260520164109680375 - INFO - Move 30: Minimax Bot (depth=3) (BLACK) -> a2a5
2026-05-20 16:44:47,696 - Game_20260520164109680375 - INFO - Move 31: Minimax Bot (depth=3) (RED) -> d7d1
2026-05-20 16:45:07,303 - Game_20260520164109680375 - INFO - Move 32: Minimax Bot (depth=3) (BLACK) -> a5a8
2026-05-20 16:45:18,735 - Game_20260520164109680375 - INFO - Move 33: Minimax Bot (depth=3) (RED) -> b8b7
2026-05-20 16:45:36,049 - Game_20260520164109680375 - INFO - Move 34: Minimax Bot (depth=3) (BLACK) -> a8d8
2026-05-20 16:45:45,931 - Game_20260520164109680375 - INFO - Move 35: Minimax Bot (depth=3) (RED) -> d1d8
2026-05-20 16:45:51,024 - Game_20260520164109680375 - INFO - Move 36: Minimax Bot (depth=3) (BLACK) -> e6d8
2026-05-20 16:45:56,077 - Game_20260520164109680375 - INFO - Move 37: Minimax Bot (depth=3) (RED) -> f6b6
2026-05-20 16:46:00,848 - Game_20260520164109680375 - INFO - Move 38: Minimax Bot (depth=3) (BLACK) -> d8b7
2026-05-20 16:46:05,763 - Game_20260520164109680375 - INFO - Move 39: Minimax Bot (depth=3) (RED) -> b6b2
2026-05-20 16:46:09,224 - Game_20260520164109680375 - INFO - Move 40: Minimax Bot (depth=3) (BLACK) -> b7c9
2026-05-20 16:46:13,718 - Game_20260520164109680375 - INFO - Move 41: Minimax Bot (depth=3) (RED) -> g9e7
2026-05-20 16:46:16,763 - Game_20260520164109680375 - INFO - Move 42: Minimax Bot (depth=3) (BLACK) -> c9b7
2026-05-20 16:46:20,938 - Game_20260520164109680375 - INFO - Move 43: Minimax Bot (depth=3) (RED) -> g6g5
2026-05-20 16:46:24,720 - Game_20260520164109680375 - INFO - Move 44: Minimax Bot (depth=3) (BLACK) -> b7d6
2026-05-20 16:46:28,951 - Game_20260520164109680375 - INFO - Move 45: Minimax Bot (depth=3) (RED) -> e9d9
2026-05-20 16:46:33,061 - Game_20260520164109680375 - INFO - Move 46: Minimax Bot (depth=3) (BLACK) -> g4g5
2026-05-20 16:46:37,552 - Game_20260520164109680375 - INFO - Move 47: Minimax Bot (depth=3) (RED) -> b2b6
2026-05-20 16:46:43,291 - Game_20260520164109680375 - INFO - Move 48: Minimax Bot (depth=3) (BLACK) -> d6c8
2026-05-20 16:46:47,245 - Game_20260520164109680375 - INFO - Move 49: Minimax Bot (depth=3) (RED) -> b6b2
2026-05-20 16:46:51,026 - Game_20260520164109680375 - INFO - Move 50: Minimax Bot (depth=3) (BLACK) -> c8e7
2026-05-20 16:46:55,099 - Game_20260520164109680375 - INFO - Move 51: Minimax Bot (depth=3) (RED) -> b2a2
2026-05-20 16:46:59,052 - Game_20260520164109680375 - INFO - Move 52: Minimax Bot (depth=3) (BLACK) -> e7c6
2026-05-20 16:47:01,871 - Game_20260520164109680375 - INFO - Move 53: Minimax Bot (depth=3) (RED) -> d9e9
2026-05-20 16:47:06,845 - Game_20260520164109680375 - INFO - Move 54: Minimax Bot (depth=3) (BLACK) -> i3i4
2026-05-20 16:47:11,034 - Game_20260520164109680375 - INFO - Move 55: Minimax Bot (depth=3) (RED) -> h3h6
2026-05-20 16:47:16,353 - Game_20260520164109680375 - INFO - Move 56: Minimax Bot (depth=3) (BLACK) -> c6d8
2026-05-20 16:47:21,266 - Game_20260520164109680375 - INFO - Move 57: Minimax Bot (depth=3) (RED) -> e9d9
2026-05-20 16:47:25,277 - Game_20260520164109680375 - INFO - Move 58: Minimax Bot (depth=3) (BLACK) -> e0d0
2026-05-20 16:47:29,415 - Game_20260520164109680375 - INFO - Move 59: Minimax Bot (depth=3) (RED) -> h6d6
2026-05-20 16:47:29,988 - Game_20260520164109680375 - INFO - Move 60: Minimax Bot (depth=3) (BLACK) -> d0e0
2026-05-20 16:47:33,456 - Game_20260520164109680375 - INFO - Move 61: Minimax Bot (depth=3) (RED) -> d6d8
2026-05-20 16:47:38,422 - Game_20260520164109680375 - INFO - Move 62: Minimax Bot (depth=3) (BLACK) -> g5g6
2026-05-20 16:47:40,773 - Game_20260520164109680375 - INFO - Move 63: Minimax Bot (depth=3) (RED) -> a2a0
2026-05-20 16:47:43,259 - Game_20260520164109680375 - INFO - Move 64: Minimax Bot (depth=3) (BLACK) -> g6g7
2026-05-20 16:47:44,719 - Game_20260520164109680375 - INFO - Move 65: Minimax Bot (depth=3) (RED) -> d8d0
2026-05-20 16:47:44,721 - Game_20260520164109680375 - INFO - Game ended: Black wins. Status: checkmate
2026-05-20 16:47:44,723 - Game_20260520164109680375 - INFO - PGN saved to logs\20260520164109680375.pgn
