2026-05-20 17:11:41 - Game_20260520171141282823 - INFO - Mode selected: Bot vs Bot
2026-05-20 17:11:41 - Game_20260520171141282823 - INFO - Game started: Negamax Bot (depth=3) (RED) vs Negamax Bot (depth=3) (BLACK)
2026-05-20 17:11:41 - Game_20260520171141282823 - INFO - Move 1: Negamax Bot (depth=3) (RED) -> h7e7
2026-05-20 17:11:41 - Game_20260520171141282823 - INFO - Move 2: Negamax Bot (depth=3) (BLACK) -> b0c2
2026-05-20 17:11:47 - Game_20260520171141282823 - INFO - Move 3: Negamax Bot (depth=3) (RED) -> e7g7
2026-05-20 17:11:52 - Game_20260520171141282823 - INFO - Move 4: Negamax Bot (depth=3) (BLACK) -> h2g2
2026-05-20 17:11:58 - Game_20260520171141282823 - INFO - Move 5: Negamax Bot (depth=3) (RED) -> b9c7
2026-05-20 17:12:04 - Game_20260520171141282823 - INFO - Move 6: Negamax Bot (depth=3) (BLACK) -> h0i2
2026-05-20 17:12:08 - Game_20260520171141282823 - INFO - Move 7: Negamax Bot (depth=3) (RED) -> h9i7
2026-05-20 17:12:13 - Game_20260520171141282823 - INFO - Move 8: Negamax Bot (depth=3) (BLACK) -> i0h0
2026-05-20 17:12:25 - Game_20260520171141282823 - INFO - Move 9: Negamax Bot (depth=3) (RED) -> a9a7
2026-05-20 17:12:34 - Game_20260520171141282823 - INFO - Move 10: Negamax Bot (depth=3) (BLACK) -> h0h7
2026-05-20 17:12:37 - Game_20260520171141282823 - INFO - Move 11: Negamax Bot (depth=3) (RED) -> c7e8
2026-05-20 17:12:42 - Game_20260520171141282823 - INFO - Move 12: Negamax Bot (depth=3) (BLACK) -> h7h6
2026-05-20 17:12:57 - Game_20260520171141282823 - INFO - Move 13: Negamax Bot (depth=3) (RED) -> g7c7
2026-05-20 17:13:05 - Game_20260520171141282823 - INFO - Move 14: Negamax Bot (depth=3) (BLACK) -> h6i6
2026-05-20 17:13:08 - Game_20260520171141282823 - INFO - Move 15: Negamax Bot (depth=3) (RED) -> e8g7
2026-05-20 17:13:12 - Game_20260520171141282823 - INFO - Move 16: Negamax Bot (depth=3) (BLACK) -> i6i5
2026-05-20 17:13:16 - Game_20260520171141282823 - INFO - Move 17: Negamax Bot (depth=3) (RED) -> i9h9
2026-05-20 17:13:30 - Game_20260520171141282823 - INFO - Move 18: Negamax Bot (depth=3) (BLACK) -> i5f5
2026-05-20 17:13:40 - Game_20260520171141282823 - INFO - Move 19: Negamax Bot (depth=3) (RED) -> c7c3
2026-05-20 17:13:58 - Game_20260520171141282823 - INFO - Move 20: Negamax Bot (depth=3) (BLACK) -> f5f7
2026-05-20 17:14:01 - Game_20260520171141282823 - INFO - Move 21: Negamax Bot (depth=3) (RED) -> b7b3
2026-05-20 17:14:06 - Game_20260520171141282823 - INFO - Move 22: Negamax Bot (depth=3) (BLACK) -> f7f8
2026-05-20 17:14:23 - Game_20260520171141282823 - INFO - Move 23: Negamax Bot (depth=3) (RED) -> h9h2
2026-05-20 17:14:39 - Game_20260520171141282823 - INFO - Move 24: Negamax Bot (depth=3) (BLACK) -> g3g4
2026-05-20 17:14:54 - Game_20260520171141282823 - INFO - Move 25: Negamax Bot (depth=3) (RED) -> c3i3
2026-05-20 17:15:07 - Game_20260520171141282823 - INFO - Move 26: Negamax Bot (depth=3) (BLACK) -> f0e1
2026-05-20 17:15:17 - Game_20260520171141282823 - INFO - Move 27: Negamax Bot (depth=3) (RED) -> i3g3
2026-05-20 17:15:24 - Game_20260520171141282823 - INFO - Move 28: Negamax Bot (depth=3) (BLACK) -> g2e2
2026-05-20 17:15:38 - Game_20260520171141282823 - INFO - Move 29: Negamax Bot (depth=3) (RED) -> b3c3
2026-05-20 17:15:52 - Game_20260520171141282823 - INFO - Move 30: Negamax Bot (depth=3) (BLACK) -> e1f2
2026-05-20 17:15:53 - Game_20260520171141282823 - INFO - Move 31: Negamax Bot (depth=3) (RED) -> g3g2
2026-05-20 17:15:56 - Game_20260520171141282823 - INFO - Move 32: Negamax Bot (depth=3) (BLACK) -> e2g2
2026-05-20 17:15:58 - Game_20260520171141282823 - INFO - Move 33: Negamax Bot (depth=3) (RED) -> h2g2
2026-05-20 17:16:00 - Game_20260520171141282823 - INFO - Move 34: Negamax Bot (depth=3) (BLACK) -> c0e2
2026-05-20 17:16:05 - Game_20260520171141282823 - INFO - Move 35: Negamax Bot (depth=3) (RED) -> a7b7
2026-05-20 17:16:09 - Game_20260520171141282823 - INFO - Move 36: Negamax Bot (depth=3) (BLACK) -> a0a2
2026-05-20 17:16:17 - Game_20260520171141282823 - INFO - Move 37: Negamax Bot (depth=3) (RED) -> c6c5
2026-05-20 17:16:22 - Game_20260520171141282823 - INFO - Move 38: Negamax Bot (depth=3) (BLACK) -> f2e1
2026-05-20 17:16:33 - Game_20260520171141282823 - INFO - Move 39: Negamax Bot (depth=3) (RED) -> g2h2
2026-05-20 17:16:39 - Game_20260520171141282823 - INFO - Move 40: Negamax Bot (depth=3) (BLACK) -> e1d2
2026-05-20 17:16:45 - Game_20260520171141282823 - INFO - Move 41: Negamax Bot (depth=3) (RED) -> d9e8
2026-05-20 17:16:52 - Game_20260520171141282823 - INFO - Move 42: Negamax Bot (depth=3) (BLACK) -> f8f5
2026-05-20 17:16:58 - Game_20260520171141282823 - INFO - Move 43: Negamax Bot (depth=3) (RED) -> c9e7
2026-05-20 17:17:05 - Game_20260520171141282823 - INFO - Move 44: Negamax Bot (depth=3) (BLACK) -> f5f8
2026-05-20 17:17:10 - Game_20260520171141282823 - INFO - Move 45: Negamax Bot (depth=3) (RED) -> e9d9
2026-05-20 17:17:16 - Game_20260520171141282823 - INFO - Move 46: Negamax Bot (depth=3) (BLACK) -> d0e1
2026-05-20 17:17:23 - Game_20260520171141282823 - INFO - Move 47: Negamax Bot (depth=3) (RED) -> c3d3
2026-05-20 17:17:32 - Game_20260520171141282823 - INFO - Move 48: Negamax Bot (depth=3) (BLACK) -> f8f4
2026-05-20 17:17:51 - Game_20260520171141282823 - INFO - Move 49: Negamax Bot (depth=3) (RED) -> b7b3
2026-05-20 17:17:59 - Game_20260520171141282823 - INFO - Move 50: Negamax Bot (depth=3) (BLACK) -> a3a4
2026-05-20 17:18:11 - Game_20260520171141282823 - INFO - Move 51: Negamax Bot (depth=3) (RED) -> h2h1
2026-05-20 17:18:16 - Game_20260520171141282823 - INFO - Move 52: Negamax Bot (depth=3) (BLACK) -> f4d4
2026-05-20 17:18:18 - Game_20260520171141282823 - INFO - Move 53: Negamax Bot (depth=3) (RED) -> d9e9
2026-05-20 17:18:22 - Game_20260520171141282823 - INFO - Move 54: Negamax Bot (depth=3) (BLACK) -> c2b4
2026-05-20 17:18:24 - Game_20260520171141282823 - INFO - Move 55: Negamax Bot (depth=3) (RED) -> d3c3
2026-05-20 17:18:38 - Game_20260520171141282823 - INFO - Move 56: Negamax Bot (depth=3) (BLACK) -> d4d3
2026-05-20 17:18:43 - Game_20260520171141282823 - INFO - Move 57: Negamax Bot (depth=3) (RED) -> c5c4
2026-05-20 17:18:47 - Game_20260520171141282823 - INFO - Move 58: Negamax Bot (depth=3) (BLACK) -> b4a6
2026-05-20 17:18:54 - Game_20260520171141282823 - INFO - Move 59: Negamax Bot (depth=3) (RED) -> i7g8
2026-05-20 17:19:03 - Game_20260520171141282823 - INFO - Move 60: Negamax Bot (depth=3) (BLACK) -> a4a5
2026-05-20 17:19:09 - Game_20260520171141282823 - INFO - Move 61: Negamax Bot (depth=3) (RED) -> c3c2
2026-05-20 17:19:10 - Game_20260520171141282823 - INFO - Move 62: Negamax Bot (depth=3) (BLACK) -> d3b3
2026-05-20 17:19:12 - Game_20260520171141282823 - INFO - Move 63: Negamax Bot (depth=3) (RED) -> c2a2
2026-05-20 17:19:12 - Game_20260520171141282823 - INFO - Move 64: Negamax Bot (depth=3) (BLACK) -> b3a3
2026-05-20 17:19:15 - Game_20260520171141282823 - INFO - Move 65: Negamax Bot (depth=3) (RED) -> a2d2
2026-05-20 17:19:16 - Game_20260520171141282823 - INFO - Move 66: Negamax Bot (depth=3) (BLACK) -> e1d2
2026-05-20 17:19:19 - Game_20260520171141282823 - INFO - Move 67: Negamax Bot (depth=3) (RED) -> h1d1
2026-05-20 17:19:21 - Game_20260520171141282823 - INFO - Move 68: Negamax Bot (depth=3) (BLACK) -> a3d3
2026-05-20 17:19:24 - Game_20260520171141282823 - INFO - Move 69: Negamax Bot (depth=3) (RED) -> g6g5
2026-05-20 17:19:27 - Game_20260520171141282823 - INFO - Move 70: Negamax Bot (depth=3) (BLACK) -> g4g5
2026-05-20 17:19:30 - Game_20260520171141282823 - INFO - Move 71: Negamax Bot (depth=3) (RED) -> e7g5
2026-05-20 17:19:33 - Game_20260520171141282823 - INFO - Move 72: Negamax Bot (depth=3) (BLACK) -> d3d5
2026-05-20 17:19:38 - Game_20260520171141282823 - INFO - Move 73: Negamax Bot (depth=3) (RED) -> e6e5
2026-05-20 17:19:41 - Game_20260520171141282823 - INFO - Move 74: Negamax Bot (depth=3) (BLACK) -> e2c4
2026-05-20 17:19:44 - Game_20260520171141282823 - INFO - Move 75: Negamax Bot (depth=3) (RED) -> g7f5
2026-05-20 17:19:47 - Game_20260520171141282823 - INFO - Move 76: Negamax Bot (depth=3) (BLACK) -> d5e5
2026-05-20 17:19:48 - Game_20260520171141282823 - INFO - Move 77: Negamax Bot (depth=3) (RED) -> d1d2
2026-05-20 17:19:50 - Game_20260520171141282823 - INFO - Move 78: Negamax Bot (depth=3) (BLACK) -> b2b5
2026-05-20 17:19:51 - Game_20260520171141282823 - INFO - Move 79: Negamax Bot (depth=3) (RED) -> f5e7
2026-05-20 17:19:54 - Game_20260520171141282823 - INFO - Move 80: Negamax Bot (depth=3) (BLACK) -> b5g5
2026-05-20 17:19:57 - Game_20260520171141282823 - INFO - Move 81: Negamax Bot (depth=3) (RED) -> g9i7
2026-05-20 17:20:00 - Game_20260520171141282823 - INFO - Move 82: Negamax Bot (depth=3) (BLACK) -> g5g4
2026-05-20 17:20:04 - Game_20260520171141282823 - INFO - Move 83: Negamax Bot (depth=3) (RED) -> e7c6
2026-05-20 17:20:06 - Game_20260520171141282823 - INFO - Move 84: Negamax Bot (depth=3) (BLACK) -> e5f5
2026-05-20 17:20:08 - Game_20260520171141282823 - INFO - Move 85: Negamax Bot (depth=3) (RED) -> g8e7
2026-05-20 17:20:13 - Game_20260520171141282823 - INFO - Move 86: Negamax Bot (depth=3) (BLACK) -> f5h5
2026-05-20 17:20:16 - Game_20260520171141282823 - INFO - Move 87: Negamax Bot (depth=3) (RED) -> d2d3
2026-05-20 17:20:19 - Game_20260520171141282823 - INFO - Move 88: Negamax Bot (depth=3) (BLACK) -> g0e2
2026-05-20 17:20:22 - Game_20260520171141282823 - INFO - Move 89: Negamax Bot (depth=3) (RED) -> d3e3
2026-05-20 17:20:29 - Game_20260520171141282823 - INFO - Move 90: Negamax Bot (depth=3) (BLACK) -> i2h4
2026-05-20 17:20:33 - Game_20260520171141282823 - INFO - Move 91: Negamax Bot (depth=3) (RED) -> e3a3
2026-05-20 17:20:36 - Game_20260520171141282823 - INFO - Move 92: Negamax Bot (depth=3) (BLACK) -> a6c7
2026-05-20 17:20:39 - Game_20260520171141282823 - INFO - Move 93: Negamax Bot (depth=3) (RED) -> c6a5
2026-05-20 17:20:42 - Game_20260520171141282823 - INFO - Move 94: Negamax Bot (depth=3) (BLACK) -> h5i5
2026-05-20 17:20:44 - Game_20260520171141282823 - INFO - Move 95: Negamax Bot (depth=3) (RED) -> a3h3
2026-05-20 17:20:46 - Game_20260520171141282823 - INFO - Move 96: Negamax Bot (depth=3) (BLACK) -> i5i7
2026-05-20 17:20:47 - Game_20260520171141282823 - INFO - Move 97: Negamax Bot (depth=3) (RED) -> h3h4
2026-05-20 17:20:48 - Game_20260520171141282823 - INFO - Move 98: Negamax Bot (depth=3) (BLACK) -> i7e7
2026-05-20 17:20:49 - Game_20260520171141282823 - INFO - Move 99: Negamax Bot (depth=3) (RED) -> a5c4
2026-05-20 17:20:50 - Game_20260520171141282823 - INFO - Move 100: Negamax Bot (depth=3) (BLACK) -> e0d0
2026-05-20 17:20:52 - Game_20260520171141282823 - INFO - Move 101: Negamax Bot (depth=3) (RED) -> c4d2
2026-05-20 17:20:54 - Game_20260520171141282823 - INFO - Move 102: Negamax Bot (depth=3) (BLACK) -> e7e3
2026-05-20 17:20:55 - Game_20260520171141282823 - INFO - Move 103: Negamax Bot (depth=3) (RED) -> h4h7
2026-05-20 17:20:56 - Game_20260520171141282823 - INFO - Move 104: Negamax Bot (depth=3) (BLACK) -> d0d1
2026-05-20 17:20:57 - Game_20260520171141282823 - INFO - Move 105: Negamax Bot (depth=3) (RED) -> h7c7
2026-05-20 17:20:59 - Game_20260520171141282823 - INFO - Move 106: Negamax Bot (depth=3) (BLACK) -> e3d3
2026-05-20 17:21:00 - Game_20260520171141282823 - INFO - Move 107: Negamax Bot (depth=3) (RED) -> d2b1
2026-05-20 17:21:01 - Game_20260520171141282823 - INFO - Move 108: Negamax Bot (depth=3) (BLACK) -> d1e1
2026-05-20 17:21:02 - Game_20260520171141282823 - INFO - Move 109: Negamax Bot (depth=3) (RED) -> c7c1
2026-05-20 17:21:03 - Game_20260520171141282823 - INFO - Move 110: Negamax Bot (depth=3) (BLACK) -> e1e0
2026-05-20 17:21:04 - Game_20260520171141282823 - INFO - Move 111: Negamax Bot (depth=3) (RED) -> c1c7
2026-05-20 17:21:06 - Game_20260520171141282823 - INFO - Move 112: Negamax Bot (depth=3) (BLACK) -> d3d8
2026-05-20 17:21:07 - Game_20260520171141282823 - INFO - Move 113: Negamax Bot (depth=3) (RED) -> b1c3
2026-05-20 17:21:09 - Game_20260520171141282823 - INFO - Move 114: Negamax Bot (depth=3) (BLACK) -> d8d3
2026-05-20 17:21:10 - Game_20260520171141282823 - INFO - Move 115: Negamax Bot (depth=3) (RED) -> c7c6
2026-05-20 17:21:12 - Game_20260520171141282823 - INFO - Move 116: Negamax Bot (depth=3) (BLACK) -> e0e1
2026-05-20 17:21:13 - Game_20260520171141282823 - INFO - Move 117: Negamax Bot (depth=3) (RED) -> c6c5
2026-05-20 17:21:15 - Game_20260520171141282823 - INFO - Move 118: Negamax Bot (depth=3) (BLACK) -> g4f4
2026-05-20 17:21:16 - Game_20260520171141282823 - INFO - Move 119: Negamax Bot (depth=3) (RED) -> c3d5
2026-05-20 17:21:17 - Game_20260520171141282823 - INFO - Move 120: Negamax Bot (depth=3) (BLACK) -> f4e4
2026-05-20 17:21:18 - Game_20260520171141282823 - INFO - Move 121: Negamax Bot (depth=3) (RED) -> e8d7
2026-05-20 17:21:18 - Game_20260520171141282823 - INFO - Move 122: Negamax Bot (depth=3) (BLACK) -> d3f3
2026-05-20 17:21:19 - Game_20260520171141282823 - INFO - Move 123: Negamax Bot (depth=3) (RED) -> c5c1
2026-05-20 17:21:19 - Game_20260520171141282823 - INFO - Move 124: Negamax Bot (depth=3) (BLACK) -> e1e0
2026-05-20 17:21:20 - Game_20260520171141282823 - INFO - Move 125: Negamax Bot (depth=3) (RED) -> c1c2
2026-05-20 17:21:20 - Game_20260520171141282823 - INFO - Move 126: Negamax Bot (depth=3) (BLACK) -> e0f0
2026-05-20 17:21:20 - Game_20260520171141282823 - INFO - Move 127: Negamax Bot (depth=3) (RED) -> c2e2
2026-05-20 17:21:21 - Game_20260520171141282823 - INFO - Move 128: Negamax Bot (depth=3) (BLACK) -> f3f9
2026-05-20 17:21:21 - Game_20260520171141282823 - INFO - Move 129: Negamax Bot (depth=3) (RED) -> e9e8
2026-05-20 17:21:21 - Game_20260520171141282823 - INFO - Move 130: Negamax Bot (depth=3) (BLACK) -> f9f8
2026-05-20 17:21:22 - Game_20260520171141282823 - INFO - Move 131: Negamax Bot (depth=3) (RED) -> e8e9
2026-05-20 17:21:22 - Game_20260520171141282823 - INFO - Move 132: Negamax Bot (depth=3) (BLACK) -> f8f9
2026-05-20 17:21:22 - Game_20260520171141282823 - INFO - Move 133: Negamax Bot (depth=3) (RED) -> e9e8
2026-05-20 17:21:22 - Game_20260520171141282823 - INFO - Move 134: Negamax Bot (depth=3) (BLACK) -> f9f8
2026-05-20 17:21:22 - Game_20260520171141282823 - INFO - Move 135: Negamax Bot (depth=3) (RED) -> e8e9
2026-05-20 17:21:22 - Game_20260520171141282823 - INFO - Move 136: Negamax Bot (depth=3) (BLACK) -> f8f9
2026-05-20 17:21:22 - Game_20260520171141282823 - INFO - Game ended: Draw. Status: draw
