2026-05-23 20:38:06 - INFO - Game started: Negamax Bot (depth=3)_Red (RED) vs Greedy Bot_Black (BLACK)
2026-05-23 20:38:06 - INFO - Move 1: Negamax Bot (depth=3)_Red (RED) -> h7e7
2026-05-23 20:38:06 - INFO - Move 2: Greedy Bot_Black (BLACK) -> b2b9
2026-05-23 20:38:09 - INFO - Move 3: Negamax Bot (depth=3)_Red (RED) -> a9b9
2026-05-23 20:38:09 - INFO - Move 4: Greedy Bot_Black (BLACK) -> a0a1
2026-05-23 20:38:12 - INFO - Move 5: Negamax Bot (depth=3)_Red (RED) -> e7e3
2026-05-23 20:38:12 - INFO - Move 6: Greedy Bot_Black (BLACK) -> b0a2
2026-05-23 20:38:17 - INFO - Move 7: Negamax Bot (depth=3)_Red (RED) -> h9g7
2026-05-23 20:38:17 - INFO - Move 8: Greedy Bot_Black (BLACK) -> e0e1
2026-05-23 20:38:22 - INFO - Move 9: Negamax Bot (depth=3)_Red (RED) -> b7a7
2026-05-23 20:38:22 - INFO - Move 10: Greedy Bot_Black (BLACK) -> g0i2
2026-05-23 20:38:26 - INFO - Move 11: Negamax Bot (depth=3)_Red (RED) -> e3i3
2026-05-23 20:38:26 - INFO - Move 12: Greedy Bot_Black (BLACK) -> c0e2
2026-05-23 20:38:29 - INFO - Move 13: Negamax Bot (depth=3)_Red (RED) -> i3i0
2026-05-23 20:38:29 - INFO - Move 14: Greedy Bot_Black (BLACK) -> h0g2
2026-05-23 20:38:31 - INFO - Move 15: Negamax Bot (depth=3)_Red (RED) -> i9h9
2026-05-23 20:38:31 - INFO - Move 16: Greedy Bot_Black (BLACK) -> a1b1
2026-05-23 20:38:34 - INFO - Move 17: Negamax Bot (depth=3)_Red (RED) -> b9b1
2026-05-23 20:38:34 - INFO - Move 18: Greedy Bot_Black (BLACK) -> a2c1
2026-05-23 20:38:36 - INFO - Move 19: Negamax Bot (depth=3)_Red (RED) -> h9h2
2026-05-23 20:38:36 - INFO - Move 20: Greedy Bot_Black (BLACK) -> e1d1
2026-05-23 20:38:38 - INFO - Move 21: Negamax Bot (depth=3)_Red (RED) -> b1c1
2026-05-23 20:38:38 - INFO - Move 22: Greedy Bot_Black (BLACK) -> d1d2
2026-05-23 20:38:40 - INFO - Move 23: Negamax Bot (depth=3)_Red (RED) -> h2g2
2026-05-23 20:38:40 - INFO - Move 24: Greedy Bot_Black (BLACK) -> d0e1
2026-05-23 20:38:42 - INFO - Move 25: Negamax Bot (depth=3)_Red (RED) -> g2i2
2026-05-23 20:38:42 - INFO - Move 26: Greedy Bot_Black (BLACK) -> e1d0
2026-05-23 20:38:45 - INFO - Move 27: Negamax Bot (depth=3)_Red (RED) -> i0d0
2026-05-23 20:38:45 - INFO - Move 28: Greedy Bot_Black (BLACK) -> f0e1
2026-05-23 20:38:47 - INFO - Move 29: Negamax Bot (depth=3)_Red (RED) -> c1e1
2026-05-23 20:38:47 - INFO - Move 30: Greedy Bot_Black (BLACK) -> a3a4
2026-05-23 20:38:49 - INFO - Move 31: Negamax Bot (depth=3)_Red (RED) -> a7a4
2026-05-23 20:38:49 - INFO - Move 32: Greedy Bot_Black (BLACK) -> c3c4
2026-05-23 20:38:51 - INFO - Move 33: Negamax Bot (depth=3)_Red (RED) -> e1e2
2026-05-23 20:38:51 - INFO - Move 34: Greedy Bot_Black (BLACK) -> d2d1
2026-05-23 20:38:51 - INFO - Move 35: Negamax Bot (depth=3)_Red (RED) -> i2i0
2026-05-23 20:38:51 - INFO - Move 36: Greedy Bot_Black (BLACK) -> g3g4
2026-05-23 20:38:53 - INFO - Move 37: Negamax Bot (depth=3)_Red (RED) -> i0e0
2026-05-23 20:38:53 - INFO - Move 38: Greedy Bot_Black (BLACK) -> c4c5
2026-05-23 20:38:54 - INFO - Move 39: Negamax Bot (depth=3)_Red (RED) -> c6c5
2026-05-23 20:38:54 - INFO - Move 40: Greedy Bot_Black (BLACK) -> g4g5
