2026-05-21 14:57:29 - INFO - Game started: Random Bot_Red (RED) vs Greedy Bot_Black (BLACK)
2026-05-21 14:57:29 - INFO - Move 1: Random Bot_Red (RED) -> g6g5
2026-05-21 14:57:29 - INFO - Move 2: Greedy Bot_Black (BLACK) -> b2b9
2026-05-21 14:57:29 - INFO - Move 3: Random Bot_Red (RED) -> h7h0
2026-05-21 14:57:29 - INFO - Move 4: Greedy Bot_Black (BLACK) -> i0h0
2026-05-21 14:57:29 - INFO - Move 5: Random Bot_Red (RED) -> e6e5
2026-05-21 14:57:29 - INFO - Move 6: Greedy Bot_Black (BLACK) -> b9d9
2026-05-21 14:57:29 - INFO - Move 7: Random Bot_Red (RED) -> a9b9
2026-05-21 14:57:29 - INFO - Move 8: Greedy Bot_Black (BLACK) -> d9b9
2026-05-21 14:57:29 - INFO - Move 9: Random Bot_Red (RED) -> e9e8
2026-05-21 14:57:29 - INFO - Move 10: Greedy Bot_Black (BLACK) -> b9f9
2026-05-21 14:57:29 - INFO - Move 11: Random Bot_Red (RED) -> b7a7
2026-05-21 14:57:29 - INFO - Move 12: Greedy Bot_Black (BLACK) -> f9h9
2026-05-21 14:57:29 - INFO - Move 13: Random Bot_Red (RED) -> e8e7
2026-05-21 14:57:29 - INFO - Move 14: Greedy Bot_Black (BLACK) -> h9c9
2026-05-21 14:57:29 - INFO - Move 15: Random Bot_Red (RED) -> a7b7
2026-05-21 14:57:29 - INFO - Move 16: Greedy Bot_Black (BLACK) -> c9i9
2026-05-21 14:57:29 - INFO - Move 17: Random Bot_Red (RED) -> g5g4
2026-05-21 14:57:29 - INFO - Move 18: Greedy Bot_Black (BLACK) -> g3g4
2026-05-21 14:57:29 - INFO - Move 19: Random Bot_Red (RED) -> b7b6
2026-05-21 14:57:29 - INFO - Move 20: Greedy Bot_Black (BLACK) -> a0a1
2026-05-21 14:57:29 - INFO - Move 21: Random Bot_Red (RED) -> e7f7
2026-05-21 14:57:29 - INFO - Move 22: Greedy Bot_Black (BLACK) -> b0a2
2026-05-21 14:57:29 - INFO - Move 23: Random Bot_Red (RED) -> f7e7
2026-05-21 14:57:29 - INFO - Move 24: Greedy Bot_Black (BLACK) -> c0e2
2026-05-21 14:57:29 - INFO - Move 25: Random Bot_Red (RED) -> g9i7
2026-05-21 14:57:29 - INFO - Move 26: Greedy Bot_Black (BLACK) -> i9i6
2026-05-21 14:57:29 - INFO - Move 27: Random Bot_Red (RED) -> i7g5
2026-05-21 14:57:29 - INFO - Move 28: Greedy Bot_Black (BLACK) -> i6b6
2026-05-21 14:57:29 - INFO - Move 29: Random Bot_Red (RED) -> e7e8
2026-05-21 14:57:29 - INFO - Move 30: Greedy Bot_Black (BLACK) -> g4g5
2026-05-21 14:57:29 - INFO - Move 31: Random Bot_Red (RED) -> a6a5
2026-05-21 14:57:29 - INFO - Move 32: Greedy Bot_Black (BLACK) -> d0e1
2026-05-21 14:57:29 - INFO - Move 33: Random Bot_Red (RED) -> c6c5
2026-05-21 14:57:29 - INFO - Move 34: Greedy Bot_Black (BLACK) -> e0d0
2026-05-21 14:57:29 - INFO - Move 35: Random Bot_Red (RED) -> e5e4
2026-05-21 14:57:29 - INFO - Move 36: Greedy Bot_Black (BLACK) -> e3e4
2026-05-21 14:57:29 - INFO - Move 37: Random Bot_Red (RED) -> e8e7
2026-05-21 14:57:29 - INFO - Move 38: Greedy Bot_Black (BLACK) -> d0d1
2026-05-21 14:57:29 - INFO - Move 39: Random Bot_Red (RED) -> e7f7
2026-05-21 14:57:29 - INFO - Move 40: Greedy Bot_Black (BLACK) -> g0i2
2026-05-21 14:57:29 - INFO - Move 41: Random Bot_Red (RED) -> f7e7
2026-05-21 14:57:29 - INFO - Move 42: Greedy Bot_Black (BLACK) -> h0g0
2026-05-21 14:57:29 - INFO - Move 43: Random Bot_Red (RED) -> e7e8
2026-05-21 14:57:29 - INFO - Move 44: Greedy Bot_Black (BLACK) -> g0h0
2026-05-21 14:57:29 - INFO - Move 45: Random Bot_Red (RED) -> e8f8
2026-05-21 14:57:29 - INFO - Move 46: Greedy Bot_Black (BLACK) -> h0g0
2026-05-21 14:57:29 - INFO - Move 47: Random Bot_Red (RED) -> a5a4
2026-05-21 14:57:29 - INFO - Move 48: Greedy Bot_Black (BLACK) -> a3a4
2026-05-21 14:57:29 - INFO - Move 49: Random Bot_Red (RED) -> f8f9
2026-05-21 14:57:29 - INFO - Move 50: Greedy Bot_Black (BLACK) -> g0h0
2026-05-21 14:57:29 - INFO - Move 51: Random Bot_Red (RED) -> c5c4
2026-05-21 14:57:29 - INFO - Move 52: Greedy Bot_Black (BLACK) -> e2c4
2026-05-21 14:57:29 - INFO - Move 53: Random Bot_Red (RED) -> f9e9
2026-05-21 14:57:29 - INFO - Move 54: Greedy Bot_Black (BLACK) -> h0g0
2026-05-21 14:57:29 - INFO - Move 55: Random Bot_Red (RED) -> e9e8
2026-05-21 14:57:29 - INFO - Move 56: Greedy Bot_Black (BLACK) -> g0h0
2026-05-21 14:57:29 - INFO - Move 57: Random Bot_Red (RED) -> e8f8
2026-05-21 14:57:29 - INFO - Move 58: Greedy Bot_Black (BLACK) -> h0g0
2026-05-21 14:57:29 - INFO - Move 59: Random Bot_Red (RED) -> f8e8
2026-05-21 14:57:29 - INFO - Move 60: Greedy Bot_Black (BLACK) -> g0h0
2026-05-21 14:57:29 - INFO - Move 61: Random Bot_Red (RED) -> e8e9
2026-05-21 14:57:29 - INFO - Move 62: Greedy Bot_Black (BLACK) -> h0g0
2026-05-21 14:57:29 - INFO - Move 63: Random Bot_Red (RED) -> e9f9
2026-05-21 14:57:29 - INFO - Move 64: Greedy Bot_Black (BLACK) -> g0h0
2026-05-21 14:57:29 - INFO - Move 65: Random Bot_Red (RED) -> f9e9
2026-05-21 14:57:29 - INFO - Game ended. Status: draw
2026-05-21 14:57:29 - INFO - PGN saved to logs\20260521145729392750.pgn
